<?xml version="1.0" encoding="UTF-8"?>
<testsuite name="ru.stqa.pft.sandbox.PointTests" tests="3" skipped="0" failures="0" errors="0" timestamp="2020-01-28T12:45:08" hostname="MININT-HMRG0BE" time="0.002">
  <properties/>
  <testcase name="testDistance" classname="ru.stqa.pft.sandbox.PointTests" time="0.001"/>
  <testcase name="testDistance3" classname="ru.stqa.pft.sandbox.PointTests" time="0.0"/>
  <testcase name="testZeroDistance" classname="ru.stqa.pft.sandbox.PointTests" time="0.0"/>
  <system-out><![CDATA[]]></system-out>
  <system-err><![CDATA[]]></system-err>
</testsuite>
