<?xml version="1.0" encoding="UTF-8"?>
<testsuite name="ru.stqa.pft.sandbox.PrimeTests" tests="2" skipped="0" failures="0" errors="0" timestamp="2020-01-28T12:45:08" hostname="MININT-HMRG0BE" time="0.002">
  <properties/>
  <testcase name="testNonPrime" classname="ru.stqa.pft.sandbox.PrimeTests" time="0.001"/>
  <testcase name="testPrime" classname="ru.stqa.pft.sandbox.PrimeTests" time="0.001"/>
  <system-out><![CDATA[]]></system-out>
  <system-err><![CDATA[]]></system-err>
</testsuite>
