<?xml version="1.0" encoding="UTF-8"?>
<testsuite name="ru.stqa.pft.mantis.tests.SoapTests" tests="1" skipped="0" failures="0" errors="0" timestamp="2020-01-27T14:32:42" hostname="MININT-HMRG0BE" time="5.479">
  <properties/>
  <testcase name="testSkipIssue" classname="ru.stqa.pft.mantis.tests.SoapTests" time="5.479"/>
  <system-out><![CDATA[]]></system-out>
  <system-err><![CDATA[]]></system-err>
</testsuite>
