<?xml version="1.0" encoding="UTF-8"?>
<testsuite name="ru.stqa.pft.mantis.tests.ChangePasswordTests" tests="1" skipped="0" failures="0" errors="0" timestamp="2020-01-24T16:34:49" hostname="MININT-HMRG0BE" time="9.475">
  <properties/>
  <testcase name="testChangePassword" classname="ru.stqa.pft.mantis.tests.ChangePasswordTests" time="9.475"/>
  <system-out><![CDATA[23:34:49.763 [org.subethamail.smtp.server.ServerThread *:1025] INFO org.subethamail.smtp.server.ServerThread - SMTP server *:1025 started
23:34:54.683 [Test worker] DEBUG org.jboss.logging - Logging Provider: org.jboss.logging.Slf4jLoggerProvider
23:34:54.731 [Test worker] DEBUG org.hibernate.integrator.internal.IntegratorServiceImpl - Adding Integrator [org.hibernate.cfg.beanvalidation.BeanValidationIntegrator].
23:34:54.733 [Test worker] DEBUG org.hibernate.integrator.internal.IntegratorServiceImpl - Adding Integrator [org.hibernate.secure.spi.JaccIntegrator].
23:34:54.736 [Test worker] DEBUG org.hibernate.integrator.internal.IntegratorServiceImpl - Adding Integrator [org.hibernate.cache.internal.CollectionCacheInvalidator].
23:34:54.786 [Test worker] INFO org.hibernate.Version - HHH000412: Hibernate Core {5.3.15.Final}
23:34:54.788 [Test worker] INFO org.hibernate.cfg.Environment - HHH000206: hibernate.properties not found
23:34:54.919 [Test worker] DEBUG org.hibernate.boot.jaxb.internal.stax.LocalXmlResourceResolver - Interpreting public/system identifier : [-//Hibernate/Hibernate Configuration DTD 3.0//EN] - [http://www.hibernate.org/dtd/hibernate-configuration-3.0.dtd]
23:34:54.920 [Test worker] DEBUG org.hibernate.boot.jaxb.internal.stax.LocalXmlResourceResolver - Recognized hibernate-configuration identifier; attempting to resolve on classpath under org/hibernate/
23:34:54.924 [Test worker] DEBUG org.hibernate.boot.cfgxml.internal.JaxbCfgProcessor - cfg.xml document did not define namespaces; wrapping in custom event reader to introduce namespace information
23:34:55.111 [Test worker] DEBUG org.hibernate.service.spi.ServiceBinding - Overriding existing service binding [org.hibernate.secure.spi.JaccService]
23:34:55.125 [Test worker] DEBUG org.hibernate.cache.internal.RegionFactoryInitiator - Cannot default RegionFactory based on registered strategies as `[]` RegionFactory strategies were registered
23:34:55.126 [Test worker] DEBUG org.hibernate.cache.internal.RegionFactoryInitiator - Cache region factory : org.hibernate.cache.internal.NoCachingRegionFactory
23:34:55.144 [Test worker] INFO org.hibernate.annotations.common.Version - HCANN000001: Hibernate Commons Annotations {5.0.4.Final}
23:34:55.169 [Test worker] DEBUG org.hibernate.type.BasicTypeRegistry - Adding type registration boolean -> org.hibernate.type.BooleanType@fd3cc5
23:34:55.169 [Test worker] DEBUG org.hibernate.type.BasicTypeRegistry - Adding type registration boolean -> org.hibernate.type.BooleanType@fd3cc5
23:34:55.170 [Test worker] DEBUG org.hibernate.type.BasicTypeRegistry - Adding type registration java.lang.Boolean -> org.hibernate.type.BooleanType@fd3cc5
23:34:55.171 [Test worker] DEBUG org.hibernate.type.BasicTypeRegistry - Adding type registration numeric_boolean -> org.hibernate.type.NumericBooleanType@624869bc
23:34:55.172 [Test worker] DEBUG org.hibernate.type.BasicTypeRegistry - Adding type registration true_false -> org.hibernate.type.TrueFalseType@3929ac7d
23:34:55.173 [Test worker] DEBUG org.hibernate.type.BasicTypeRegistry - Adding type registration yes_no -> org.hibernate.type.YesNoType@3f341eff
23:34:55.174 [Test worker] DEBUG org.hibernate.type.BasicTypeRegistry - Adding type registration byte -> org.hibernate.type.ByteType@511ab542
23:34:55.174 [Test worker] DEBUG org.hibernate.type.BasicTypeRegistry - Adding type registration byte -> org.hibernate.type.ByteType@511ab542
23:34:55.174 [Test worker] DEBUG org.hibernate.type.BasicTypeRegistry - Adding type registration java.lang.Byte -> org.hibernate.type.ByteType@511ab542
23:34:55.175 [Test worker] DEBUG org.hibernate.type.BasicTypeRegistry - Adding type registration character -> org.hibernate.type.CharacterType@1331c90a
23:34:55.175 [Test worker] DEBUG org.hibernate.type.BasicTypeRegistry - Adding type registration char -> org.hibernate.type.CharacterType@1331c90a
23:34:55.175 [Test worker] DEBUG org.hibernate.type.BasicTypeRegistry - Adding type registration java.lang.Character -> org.hibernate.type.CharacterType@1331c90a
23:34:55.177 [Test worker] DEBUG org.hibernate.type.BasicTypeRegistry - Adding type registration short -> org.hibernate.type.ShortType@683b9887
23:34:55.177 [Test worker] DEBUG org.hibernate.type.BasicTypeRegistry - Adding type registration short -> org.hibernate.type.ShortType@683b9887
23:34:55.177 [Test worker] DEBUG org.hibernate.type.BasicTypeRegistry - Adding type registration java.lang.Short -> org.hibernate.type.ShortType@683b9887
23:34:55.178 [Test worker] DEBUG org.hibernate.type.BasicTypeRegistry - Adding type registration integer -> org.hibernate.type.IntegerType@6462d0f
23:34:55.178 [Test worker] DEBUG org.hibernate.type.BasicTypeRegistry - Adding type registration int -> org.hibernate.type.IntegerType@6462d0f
23:34:55.178 [Test worker] DEBUG org.hibernate.type.BasicTypeRegistry - Adding type registration java.lang.Integer -> org.hibernate.type.IntegerType@6462d0f
23:34:55.180 [Test worker] DEBUG org.hibernate.type.BasicTypeRegistry - Adding type registration long -> org.hibernate.type.LongType@106c2e23
23:34:55.180 [Test worker] DEBUG org.hibernate.type.BasicTypeRegistry - Adding type registration long -> org.hibernate.type.LongType@106c2e23
23:34:55.180 [Test worker] DEBUG org.hibernate.type.BasicTypeRegistry - Adding type registration java.lang.Long -> org.hibernate.type.LongType@106c2e23
23:34:55.181 [Test worker] DEBUG org.hibernate.type.BasicTypeRegistry - Adding type registration float -> org.hibernate.type.FloatType@54c60e72
23:34:55.181 [Test worker] DEBUG org.hibernate.type.BasicTypeRegistry - Adding type registration float -> org.hibernate.type.FloatType@54c60e72
23:34:55.181 [Test worker] DEBUG org.hibernate.type.BasicTypeRegistry - Adding type registration java.lang.Float -> org.hibernate.type.FloatType@54c60e72
23:34:55.182 [Test worker] DEBUG org.hibernate.type.BasicTypeRegistry - Adding type registration double -> org.hibernate.type.DoubleType@545f1596
23:34:55.182 [Test worker] DEBUG org.hibernate.type.BasicTypeRegistry - Adding type registration double -> org.hibernate.type.DoubleType@545f1596
23:34:55.183 [Test worker] DEBUG org.hibernate.type.BasicTypeRegistry - Adding type registration java.lang.Double -> org.hibernate.type.DoubleType@545f1596
23:34:55.184 [Test worker] DEBUG org.hibernate.type.BasicTypeRegistry - Adding type registration big_decimal -> org.hibernate.type.BigDecimalType@98021e5
23:34:55.184 [Test worker] DEBUG org.hibernate.type.BasicTypeRegistry - Adding type registration java.math.BigDecimal -> org.hibernate.type.BigDecimalType@98021e5
23:34:55.185 [Test worker] DEBUG org.hibernate.type.BasicTypeRegistry - Adding type registration big_integer -> org.hibernate.type.BigIntegerType@1bf7e65e
23:34:55.185 [Test worker] DEBUG org.hibernate.type.BasicTypeRegistry - Adding type registration java.math.BigInteger -> org.hibernate.type.BigIntegerType@1bf7e65e
23:34:55.186 [Test worker] DEBUG org.hibernate.type.BasicTypeRegistry - Adding type registration string -> org.hibernate.type.StringType@18d5de32
23:34:55.186 [Test worker] DEBUG org.hibernate.type.BasicTypeRegistry - Adding type registration java.lang.String -> org.hibernate.type.StringType@18d5de32
23:34:55.187 [Test worker] DEBUG org.hibernate.type.BasicTypeRegistry - Adding type registration nstring -> org.hibernate.type.StringNVarcharType@6b2e65f7
23:34:55.188 [Test worker] DEBUG org.hibernate.type.BasicTypeRegistry - Adding type registration ncharacter -> org.hibernate.type.CharacterNCharType@37e338be
23:34:55.189 [Test worker] DEBUG org.hibernate.type.BasicTypeRegistry - Adding type registration url -> org.hibernate.type.UrlType@3f535703
23:34:55.189 [Test worker] DEBUG org.hibernate.type.BasicTypeRegistry - Adding type registration java.net.URL -> org.hibernate.type.UrlType@3f535703
23:34:55.190 [Test worker] DEBUG org.hibernate.type.BasicTypeRegistry - Adding type registration Duration -> org.hibernate.type.DurationType@29c876f2
23:34:55.191 [Test worker] DEBUG org.hibernate.type.BasicTypeRegistry - Adding type registration java.time.Duration -> org.hibernate.type.DurationType@29c876f2
23:34:55.202 [Test worker] DEBUG org.hibernate.type.BasicTypeRegistry - Adding type registration Instant -> org.hibernate.type.InstantType@10de478c
23:34:55.202 [Test worker] DEBUG org.hibernate.type.BasicTypeRegistry - Adding type registration java.time.Instant -> org.hibernate.type.InstantType@10de478c
23:34:55.204 [Test worker] DEBUG org.hibernate.type.BasicTypeRegistry - Adding type registration LocalDateTime -> org.hibernate.type.LocalDateTimeType@1be59f2c
23:34:55.204 [Test worker] DEBUG org.hibernate.type.BasicTypeRegistry - Adding type registration java.time.LocalDateTime -> org.hibernate.type.LocalDateTimeType@1be59f2c
23:34:55.205 [Test worker] DEBUG org.hibernate.type.BasicTypeRegistry - Adding type registration LocalDate -> org.hibernate.type.LocalDateType@5bb98bb0
23:34:55.206 [Test worker] DEBUG org.hibernate.type.BasicTypeRegistry - Adding type registration java.time.LocalDate -> org.hibernate.type.LocalDateType@5bb98bb0
23:34:55.207 [Test worker] DEBUG org.hibernate.type.BasicTypeRegistry - Adding type registration LocalTime -> org.hibernate.type.LocalTimeType@7039f31d
23:34:55.207 [Test worker] DEBUG org.hibernate.type.BasicTypeRegistry - Adding type registration java.time.LocalTime -> org.hibernate.type.LocalTimeType@7039f31d
23:34:55.209 [Test worker] DEBUG org.hibernate.type.BasicTypeRegistry - Adding type registration OffsetDateTime -> org.hibernate.type.OffsetDateTimeType@4bc247da
23:34:55.209 [Test worker] DEBUG org.hibernate.type.BasicTypeRegistry - Adding type registration java.time.OffsetDateTime -> org.hibernate.type.OffsetDateTimeType@4bc247da
23:34:55.210 [Test worker] DEBUG org.hibernate.type.BasicTypeRegistry - Adding type registration OffsetTime -> org.hibernate.type.OffsetTimeType@3dad37a7
23:34:55.210 [Test worker] DEBUG org.hibernate.type.BasicTypeRegistry - Adding type registration java.time.OffsetTime -> org.hibernate.type.OffsetTimeType@3dad37a7
23:34:55.213 [Test worker] DEBUG org.hibernate.type.BasicTypeRegistry - Adding type registration ZonedDateTime -> org.hibernate.type.ZonedDateTimeType@4bc6a282
23:34:55.213 [Test worker] DEBUG org.hibernate.type.BasicTypeRegistry - Adding type registration java.time.ZonedDateTime -> org.hibernate.type.ZonedDateTimeType@4bc6a282
23:34:55.215 [Test worker] DEBUG org.hibernate.type.BasicTypeRegistry - Adding type registration date -> org.hibernate.type.DateType@236f6a46
23:34:55.215 [Test worker] DEBUG org.hibernate.type.BasicTypeRegistry - Adding type registration java.sql.Date -> org.hibernate.type.DateType@236f6a46
23:34:55.216 [Test worker] DEBUG org.hibernate.type.BasicTypeRegistry - Adding type registration time -> org.hibernate.type.TimeType@706aa555
23:34:55.216 [Test worker] DEBUG org.hibernate.type.BasicTypeRegistry - Adding type registration java.sql.Time -> org.hibernate.type.TimeType@706aa555
23:34:55.217 [Test worker] DEBUG org.hibernate.type.BasicTypeRegistry - Adding type registration timestamp -> org.hibernate.type.TimestampType@2419c159
23:34:55.218 [Test worker] DEBUG org.hibernate.type.BasicTypeRegistry - Adding type registration java.sql.Timestamp -> org.hibernate.type.TimestampType@2419c159
23:34:55.218 [Test worker] DEBUG org.hibernate.type.BasicTypeRegistry - Adding type registration java.util.Date -> org.hibernate.type.TimestampType@2419c159
23:34:55.222 [Test worker] DEBUG org.hibernate.type.BasicTypeRegistry - Adding type registration dbtimestamp -> org.hibernate.type.DbTimestampType@2f81aa5a
23:34:55.224 [Test worker] DEBUG org.hibernate.type.BasicTypeRegistry - Adding type registration calendar -> org.hibernate.type.CalendarType@da52b2c
23:34:55.224 [Test worker] DEBUG org.hibernate.type.BasicTypeRegistry - Adding type registration java.util.Calendar -> org.hibernate.type.CalendarType@da52b2c
23:34:55.224 [Test worker] DEBUG org.hibernate.type.BasicTypeRegistry - Adding type registration java.util.GregorianCalendar -> org.hibernate.type.CalendarType@da52b2c
23:34:55.225 [Test worker] DEBUG org.hibernate.type.BasicTypeRegistry - Adding type registration calendar_date -> org.hibernate.type.CalendarDateType@54a5d2f4
23:34:55.226 [Test worker] DEBUG org.hibernate.type.BasicTypeRegistry - Adding type registration locale -> org.hibernate.type.LocaleType@3c222212
23:34:55.226 [Test worker] DEBUG org.hibernate.type.BasicTypeRegistry - Adding type registration java.util.Locale -> org.hibernate.type.LocaleType@3c222212
23:34:55.227 [Test worker] DEBUG org.hibernate.type.BasicTypeRegistry - Adding type registration currency -> org.hibernate.type.CurrencyType@25a6afcf
23:34:55.227 [Test worker] DEBUG org.hibernate.type.BasicTypeRegistry - Adding type registration java.util.Currency -> org.hibernate.type.CurrencyType@25a6afcf
23:34:55.228 [Test worker] DEBUG org.hibernate.type.BasicTypeRegistry - Adding type registration timezone -> org.hibernate.type.TimeZoneType@2e7b784e
23:34:55.228 [Test worker] DEBUG org.hibernate.type.BasicTypeRegistry - Adding type registration java.util.TimeZone -> org.hibernate.type.TimeZoneType@2e7b784e
23:34:55.229 [Test worker] DEBUG org.hibernate.type.BasicTypeRegistry - Adding type registration class -> org.hibernate.type.ClassType@62db5300
23:34:55.230 [Test worker] DEBUG org.hibernate.type.BasicTypeRegistry - Adding type registration java.lang.Class -> org.hibernate.type.ClassType@62db5300
23:34:55.231 [Test worker] DEBUG org.hibernate.type.BasicTypeRegistry - Adding type registration uuid-binary -> org.hibernate.type.UUIDBinaryType@38c5fab6
23:34:55.231 [Test worker] DEBUG org.hibernate.type.BasicTypeRegistry - Adding type registration java.util.UUID -> org.hibernate.type.UUIDBinaryType@38c5fab6
23:34:55.231 [Test worker] DEBUG org.hibernate.type.BasicTypeRegistry - Adding type registration uuid-char -> org.hibernate.type.UUIDCharType@607e5491
23:34:55.232 [Test worker] DEBUG org.hibernate.type.BasicTypeRegistry - Adding type registration binary -> org.hibernate.type.BinaryType@7eafbf4c
23:34:55.232 [Test worker] DEBUG org.hibernate.type.BasicTypeRegistry - Adding type registration byte[] -> org.hibernate.type.BinaryType@7eafbf4c
23:34:55.232 [Test worker] DEBUG org.hibernate.type.BasicTypeRegistry - Adding type registration [B -> org.hibernate.type.BinaryType@7eafbf4c
23:34:55.233 [Test worker] DEBUG org.hibernate.type.BasicTypeRegistry - Adding type registration wrapper-binary -> org.hibernate.type.WrapperBinaryType@28cbaac2
23:34:55.234 [Test worker] DEBUG org.hibernate.type.BasicTypeRegistry - Adding type registration Byte[] -> org.hibernate.type.WrapperBinaryType@28cbaac2
23:34:55.234 [Test worker] DEBUG org.hibernate.type.BasicTypeRegistry - Adding type registration [Ljava.lang.Byte; -> org.hibernate.type.WrapperBinaryType@28cbaac2
23:34:55.235 [Test worker] DEBUG org.hibernate.type.BasicTypeRegistry - Adding type registration row_version -> org.hibernate.type.RowVersionType@25488f7
23:34:55.235 [Test worker] DEBUG org.hibernate.type.BasicTypeRegistry - Adding type registration image -> org.hibernate.type.ImageType@6db8f7cc
23:34:55.236 [Test worker] DEBUG org.hibernate.type.BasicTypeRegistry - Adding type registration characters -> org.hibernate.type.CharArrayType@7cd0abc5
23:34:55.236 [Test worker] DEBUG org.hibernate.type.BasicTypeRegistry - Adding type registration char[] -> org.hibernate.type.CharArrayType@7cd0abc5
23:34:55.236 [Test worker] DEBUG org.hibernate.type.BasicTypeRegistry - Adding type registration [C -> org.hibernate.type.CharArrayType@7cd0abc5
23:34:55.237 [Test worker] DEBUG org.hibernate.type.BasicTypeRegistry - Adding type registration wrapper-characters -> org.hibernate.type.CharacterArrayType@5f09fe8d
23:34:55.238 [Test worker] DEBUG org.hibernate.type.BasicTypeRegistry - Adding type registration [Ljava.lang.Character; -> org.hibernate.type.CharacterArrayType@5f09fe8d
23:34:55.238 [Test worker] DEBUG org.hibernate.type.BasicTypeRegistry - Adding type registration Character[] -> org.hibernate.type.CharacterArrayType@5f09fe8d
23:34:55.238 [Test worker] DEBUG org.hibernate.type.BasicTypeRegistry - Adding type registration text -> org.hibernate.type.TextType@16b34126
23:34:55.239 [Test worker] DEBUG org.hibernate.type.BasicTypeRegistry - Adding type registration ntext -> org.hibernate.type.NTextType@6c324f2f
23:34:55.241 [Test worker] DEBUG org.hibernate.type.BasicTypeRegistry - Adding type registration blob -> org.hibernate.type.BlobType@11e517ae
23:34:55.241 [Test worker] DEBUG org.hibernate.type.BasicTypeRegistry - Adding type registration java.sql.Blob -> org.hibernate.type.BlobType@11e517ae
23:34:55.242 [Test worker] DEBUG org.hibernate.type.BasicTypeRegistry - Adding type registration materialized_blob -> org.hibernate.type.MaterializedBlobType@28ef4a1
23:34:55.244 [Test worker] DEBUG org.hibernate.type.BasicTypeRegistry - Adding type registration clob -> org.hibernate.type.ClobType@2efdc2c7
23:34:55.244 [Test worker] DEBUG org.hibernate.type.BasicTypeRegistry - Adding type registration java.sql.Clob -> org.hibernate.type.ClobType@2efdc2c7
23:34:55.245 [Test worker] DEBUG org.hibernate.type.BasicTypeRegistry - Adding type registration nclob -> org.hibernate.type.NClobType@599cf038
23:34:55.245 [Test worker] DEBUG org.hibernate.type.BasicTypeRegistry - Adding type registration java.sql.NClob -> org.hibernate.type.NClobType@599cf038
23:34:55.245 [Test worker] DEBUG org.hibernate.type.BasicTypeRegistry - Adding type registration materialized_clob -> org.hibernate.type.MaterializedClobType@50d866c8
23:34:55.246 [Test worker] DEBUG org.hibernate.type.BasicTypeRegistry - Adding type registration materialized_nclob -> org.hibernate.type.MaterializedNClobType@d675f3b
23:34:55.247 [Test worker] DEBUG org.hibernate.type.BasicTypeRegistry - Adding type registration serializable -> org.hibernate.type.SerializableType@4abd7f4f
23:34:55.250 [Test worker] DEBUG org.hibernate.type.BasicTypeRegistry - Adding type registration object -> org.hibernate.type.ObjectType@24d4d0e6
23:34:55.250 [Test worker] DEBUG org.hibernate.type.BasicTypeRegistry - Adding type registration java.lang.Object -> org.hibernate.type.ObjectType@24d4d0e6
23:34:55.251 [Test worker] DEBUG org.hibernate.type.BasicTypeRegistry - Adding type registration imm_date -> org.hibernate.type.AdaptedImmutableType@77bc70
23:34:55.251 [Test worker] DEBUG org.hibernate.type.BasicTypeRegistry - Adding type registration imm_time -> org.hibernate.type.AdaptedImmutableType@2a60f78
23:34:55.251 [Test worker] DEBUG org.hibernate.type.BasicTypeRegistry - Adding type registration imm_timestamp -> org.hibernate.type.AdaptedImmutableType@141fb7a3
23:34:55.251 [Test worker] DEBUG org.hibernate.type.BasicTypeRegistry - Adding type registration imm_dbtimestamp -> org.hibernate.type.AdaptedImmutableType@7a7b3010
23:34:55.251 [Test worker] DEBUG org.hibernate.type.BasicTypeRegistry - Adding type registration imm_calendar -> org.hibernate.type.AdaptedImmutableType@47528713
23:34:55.251 [Test worker] DEBUG org.hibernate.type.BasicTypeRegistry - Adding type registration imm_calendar_date -> org.hibernate.type.AdaptedImmutableType@753d9d4e
23:34:55.252 [Test worker] DEBUG org.hibernate.type.BasicTypeRegistry - Adding type registration imm_binary -> org.hibernate.type.AdaptedImmutableType@1c768ee5
23:34:55.252 [Test worker] DEBUG org.hibernate.type.BasicTypeRegistry - Adding type registration imm_serializable -> org.hibernate.type.AdaptedImmutableType@3faec6cb
23:34:55.279 [Test worker] DEBUG org.hibernate.id.factory.internal.DefaultIdentifierGeneratorFactory - Registering IdentifierGenerator strategy [uuid2] -> [org.hibernate.id.UUIDGenerator]
23:34:55.279 [Test worker] DEBUG org.hibernate.id.factory.internal.DefaultIdentifierGeneratorFactory - Registering IdentifierGenerator strategy [guid] -> [org.hibernate.id.GUIDGenerator]
23:34:55.281 [Test worker] DEBUG org.hibernate.id.factory.internal.DefaultIdentifierGeneratorFactory - Registering IdentifierGenerator strategy [uuid] -> [org.hibernate.id.UUIDHexGenerator]
23:34:55.281 [Test worker] DEBUG org.hibernate.id.factory.internal.DefaultIdentifierGeneratorFactory - Registering IdentifierGenerator strategy [uuid.hex] -> [org.hibernate.id.UUIDHexGenerator]
23:34:55.281 [Test worker] DEBUG org.hibernate.id.factory.internal.DefaultIdentifierGeneratorFactory - Registering IdentifierGenerator strategy [assigned] -> [org.hibernate.id.Assigned]
23:34:55.283 [Test worker] DEBUG org.hibernate.id.factory.internal.DefaultIdentifierGeneratorFactory - Registering IdentifierGenerator strategy [identity] -> [org.hibernate.id.IdentityGenerator]
23:34:55.284 [Test worker] DEBUG org.hibernate.id.factory.internal.DefaultIdentifierGeneratorFactory - Registering IdentifierGenerator strategy [select] -> [org.hibernate.id.SelectGenerator]
23:34:55.285 [Test worker] DEBUG org.hibernate.id.factory.internal.DefaultIdentifierGeneratorFactory - Registering IdentifierGenerator strategy [sequence] -> [org.hibernate.id.enhanced.SequenceStyleGenerator]
23:34:55.286 [Test worker] DEBUG org.hibernate.id.factory.internal.DefaultIdentifierGeneratorFactory - Registering IdentifierGenerator strategy [seqhilo] -> [org.hibernate.id.SequenceHiLoGenerator]
23:34:55.287 [Test worker] DEBUG org.hibernate.id.factory.internal.DefaultIdentifierGeneratorFactory - Registering IdentifierGenerator strategy [increment] -> [org.hibernate.id.IncrementGenerator]
23:34:55.288 [Test worker] DEBUG org.hibernate.id.factory.internal.DefaultIdentifierGeneratorFactory - Registering IdentifierGenerator strategy [foreign] -> [org.hibernate.id.ForeignGenerator]
23:34:55.288 [Test worker] DEBUG org.hibernate.id.factory.internal.DefaultIdentifierGeneratorFactory - Registering IdentifierGenerator strategy [sequence-identity] -> [org.hibernate.id.SequenceIdentityGenerator]
23:34:55.288 [Test worker] DEBUG org.hibernate.id.factory.internal.DefaultIdentifierGeneratorFactory - Registering IdentifierGenerator strategy [enhanced-sequence] -> [org.hibernate.id.enhanced.SequenceStyleGenerator]
23:34:55.289 [Test worker] DEBUG org.hibernate.id.factory.internal.DefaultIdentifierGeneratorFactory - Registering IdentifierGenerator strategy [enhanced-table] -> [org.hibernate.id.enhanced.TableGenerator]
23:34:55.295 [Test worker] WARN org.hibernate.orm.connections.pooling - HHH10001002: Using Hibernate built-in connection pool (not for production use!)
23:34:55.302 [Test worker] INFO org.hibernate.orm.connections.pooling - HHH10001005: using driver [com.mysql.jdbc.Driver] at URL [jdbc:mysql://localhost:3306/bugtracker?useTimezone=true&serverTimezone=UTC]
23:34:55.303 [Test worker] INFO org.hibernate.orm.connections.pooling - HHH10001001: Connection properties: {user=root, password=}
23:34:55.303 [Test worker] INFO org.hibernate.orm.connections.pooling - HHH10001003: Autocommit mode: false
23:34:55.307 [Test worker] DEBUG org.hibernate.engine.jdbc.connections.internal.DriverManagerConnectionProviderImpl - Initializing Connection pool with 1 Connections
23:34:55.307 [Test worker] INFO org.hibernate.engine.jdbc.connections.internal.DriverManagerConnectionProviderImpl - HHH000115: Hibernate connection pool size: 1 (min=1)
23:34:55.461 [Test worker] DEBUG org.hibernate.engine.jdbc.env.internal.JdbcEnvironmentInitiator - Database ->
       name : MySQL
    version : 5.5.5-10.4.8-MariaDB
      major : 5
      minor : 5
23:34:55.461 [Test worker] DEBUG org.hibernate.engine.jdbc.env.internal.JdbcEnvironmentInitiator - Driver ->
       name : MySQL Connector/J
    version : mysql-connector-java-8.0.18 (Revision: fef2894d751d47223192b706977b4a5bc41e6be4)
      major : 8
      minor : 0
23:34:55.461 [Test worker] DEBUG org.hibernate.engine.jdbc.env.internal.JdbcEnvironmentInitiator - JDBC version : 4.2
23:34:55.476 [Test worker] INFO org.hibernate.dialect.Dialect - HHH000400: Using dialect: org.hibernate.dialect.MySQLDialect
23:34:55.525 [Test worker] DEBUG org.hibernate.engine.jdbc.env.spi.IdentifierHelperBuilder - JDBC driver metadata reported database stores quoted identifiers in more than one case
23:34:55.528 [Test worker] DEBUG org.hibernate.engine.jdbc.env.spi.IdentifierHelperBuilder - IdentifierCaseStrategy for both quoted and unquoted identifiers was set to the same strategy [LOWER]; that will likely lead to problems in schema update and validation if using quoted identifiers
23:34:55.545 [Test worker] DEBUG org.hibernate.boot.model.relational.Namespace - Created database namespace [logicalName=Name{catalog=null, schema=null}, physicalName=Name{catalog=null, schema=null}]
23:34:55.548 [Test worker] DEBUG org.hibernate.type.spi.TypeConfiguration$Scope - Scoping TypeConfiguration [org.hibernate.type.spi.TypeConfiguration@3e2a87eb] to MetadataBuildingContext [org.hibernate.boot.internal.MetadataBuildingContextRootImpl@4ab107d1]
23:34:55.613 [Test worker] DEBUG org.hibernate.cfg.AnnotationBinder - Binding entity from annotated class: ru.stqa.pft.mantis.model.User
23:34:55.647 [Test worker] DEBUG org.hibernate.cfg.Ejb3Column - Binding column: Ejb3DiscriminatorColumn{logicalColumnName'DTYPE', discriminatorTypeName='string'}
23:34:55.658 [Test worker] DEBUG org.hibernate.cfg.annotations.EntityBinder - Import with entity name User
23:34:55.661 [Test worker] DEBUG org.hibernate.cfg.annotations.EntityBinder - Bind entity ru.stqa.pft.mantis.model.User on table mantis_user_mantis
23:34:55.682 [Test worker] DEBUG org.hibernate.cfg.Ejb3Column - Binding column: Ejb3Column{table=org.hibernate.mapping.Table(mantis_user_mantis), mappingColumn=id, insertable=true, updatable=true, unique=false}
23:34:55.684 [Test worker] DEBUG org.hibernate.cfg.annotations.PropertyBinder - MetadataSourceProcessor property id with lazy=false
23:34:55.686 [Test worker] DEBUG org.hibernate.cfg.AbstractPropertyHolder - Attempting to locate auto-apply AttributeConverter for property [ru.stqa.pft.mantis.model.User:id]
23:34:55.688 [Test worker] DEBUG org.hibernate.cfg.annotations.SimpleValueBinder - building SimpleValue for id
23:34:55.690 [Test worker] DEBUG org.hibernate.cfg.annotations.PropertyBinder - Building property id
23:34:55.693 [Test worker] DEBUG org.hibernate.cfg.BinderHelper - #makeIdGenerator(org.hibernate.mapping.SimpleValue([org.hibernate.mapping.Column(id)]), id, assigned, , ...)
23:34:55.694 [Test worker] DEBUG org.hibernate.cfg.Ejb3Column - Binding column: Ejb3Column{table=org.hibernate.mapping.Table(mantis_user_mantis), mappingColumn=email, insertable=true, updatable=true, unique=false}
23:34:55.694 [Test worker] DEBUG org.hibernate.cfg.annotations.PropertyBinder - MetadataSourceProcessor property email with lazy=false
23:34:55.694 [Test worker] DEBUG org.hibernate.cfg.AbstractPropertyHolder - Attempting to locate auto-apply AttributeConverter for property [ru.stqa.pft.mantis.model.User:email]
23:34:55.695 [Test worker] DEBUG org.hibernate.cfg.annotations.SimpleValueBinder - building SimpleValue for email
23:34:55.695 [Test worker] DEBUG org.hibernate.cfg.annotations.PropertyBinder - Building property email
23:34:55.695 [Test worker] DEBUG org.hibernate.cfg.Ejb3Column - Binding column: Ejb3Column{table=org.hibernate.mapping.Table(mantis_user_mantis), mappingColumn=username, insertable=true, updatable=true, unique=false}
23:34:55.695 [Test worker] DEBUG org.hibernate.cfg.annotations.PropertyBinder - MetadataSourceProcessor property username with lazy=false
23:34:55.695 [Test worker] DEBUG org.hibernate.cfg.AbstractPropertyHolder - Attempting to locate auto-apply AttributeConverter for property [ru.stqa.pft.mantis.model.User:username]
23:34:55.695 [Test worker] DEBUG org.hibernate.cfg.annotations.SimpleValueBinder - building SimpleValue for username
23:34:55.695 [Test worker] DEBUG org.hibernate.cfg.annotations.PropertyBinder - Building property username
23:34:55.696 [Test worker] DEBUG org.hibernate.cfg.annotations.SimpleValueBinder - Starting fillSimpleValue for id
23:34:55.697 [Test worker] DEBUG org.hibernate.cfg.annotations.SimpleValueBinder - Starting fillSimpleValue for email
23:34:55.697 [Test worker] DEBUG org.hibernate.cfg.annotations.SimpleValueBinder - Starting fillSimpleValue for username
23:34:55.698 [Test worker] DEBUG org.hibernate.mapping.PrimaryKey - Forcing column [id] to be non-null as it is part of the primary key for table [mantis_user_mantis]
23:34:55.805 [Test worker] DEBUG org.hibernate.internal.SessionFactoryImpl - Building session factory
23:34:55.806 [Test worker] DEBUG org.hibernate.cfg.Settings - SessionFactory name : null
23:34:55.806 [Test worker] DEBUG org.hibernate.cfg.Settings - Automatic flush during beforeCompletion(): enabled
23:34:55.806 [Test worker] DEBUG org.hibernate.cfg.Settings - Automatic session close at end of transaction: disabled
23:34:55.806 [Test worker] DEBUG org.hibernate.cfg.Settings - Statistics: disabled
23:34:55.806 [Test worker] DEBUG org.hibernate.cfg.Settings - Deleted entity synthetic identifier rollback: disabled
23:34:55.806 [Test worker] DEBUG org.hibernate.cfg.Settings - Default entity-mode: pojo
23:34:55.806 [Test worker] DEBUG org.hibernate.cfg.Settings - Check Nullability in Core (should be disabled when Bean Validation is on): enabled
23:34:55.806 [Test worker] DEBUG org.hibernate.cfg.Settings - Allow initialization of lazy state outside session : disabled
23:34:55.806 [Test worker] DEBUG org.hibernate.cfg.Settings - Using BatchFetchStyle : LEGACY
23:34:55.806 [Test worker] DEBUG org.hibernate.cfg.Settings - Default batch fetch size: -1
23:34:55.807 [Test worker] DEBUG org.hibernate.cfg.Settings - Maximum outer join fetch depth: 2
23:34:55.807 [Test worker] DEBUG org.hibernate.cfg.Settings - Default null ordering: NONE
23:34:55.807 [Test worker] DEBUG org.hibernate.cfg.Settings - Order SQL updates by primary key: disabled
23:34:55.807 [Test worker] DEBUG org.hibernate.cfg.Settings - Order SQL inserts for batching: disabled
23:34:55.807 [Test worker] DEBUG org.hibernate.cfg.Settings - multi-tenancy strategy : NONE
23:34:55.807 [Test worker] DEBUG org.hibernate.cfg.Settings - JTA Track by Thread: enabled
23:34:55.807 [Test worker] DEBUG org.hibernate.cfg.Settings - Query language substitutions: {}
23:34:55.807 [Test worker] DEBUG org.hibernate.cfg.Settings - Named query checking : enabled
23:34:55.807 [Test worker] DEBUG org.hibernate.cfg.Settings - Second-level cache: disabled
23:34:55.807 [Test worker] DEBUG org.hibernate.cfg.Settings - Second-level query cache: disabled
23:34:55.807 [Test worker] DEBUG org.hibernate.cfg.Settings - Second-level query cache factory: null
23:34:55.807 [Test worker] DEBUG org.hibernate.cfg.Settings - Second-level cache region prefix: null
23:34:55.807 [Test worker] DEBUG org.hibernate.cfg.Settings - Optimize second-level cache for minimal puts: disabled
23:34:55.807 [Test worker] DEBUG org.hibernate.cfg.Settings - Structured second-level cache entries: disabled
23:34:55.807 [Test worker] DEBUG org.hibernate.cfg.Settings - Second-level cache direct-reference entries: disabled
23:34:55.807 [Test worker] DEBUG org.hibernate.cfg.Settings - Automatic eviction of collection cache: disabled
23:34:55.807 [Test worker] DEBUG org.hibernate.cfg.Settings - JDBC batch size: 15
23:34:55.808 [Test worker] DEBUG org.hibernate.cfg.Settings - JDBC batch updates for versioned data: enabled
23:34:55.808 [Test worker] DEBUG org.hibernate.cfg.Settings - Scrollable result sets: enabled
23:34:55.808 [Test worker] DEBUG org.hibernate.cfg.Settings - Wrap result sets: disabled
23:34:55.808 [Test worker] DEBUG org.hibernate.cfg.Settings - JDBC3 getGeneratedKeys(): enabled
23:34:55.808 [Test worker] DEBUG org.hibernate.cfg.Settings - JDBC result set fetch size: null
23:34:55.808 [Test worker] DEBUG org.hibernate.cfg.Settings - Connection release mode: AFTER_TRANSACTION
23:34:55.808 [Test worker] DEBUG org.hibernate.cfg.Settings - Generate SQL with comments: disabled
23:34:55.808 [Test worker] DEBUG org.hibernate.cfg.Settings - JPA compliance - query : 
23:34:55.808 [Test worker] DEBUG org.hibernate.cfg.Settings - JPA compliance - closed-handling : 
23:34:55.808 [Test worker] DEBUG org.hibernate.cfg.Settings - JPA compliance - lists : 
23:34:55.808 [Test worker] DEBUG org.hibernate.cfg.Settings - JPA compliance - transactions : 
23:34:55.872 [Test worker] DEBUG org.hibernate.internal.SessionFactoryImpl - Session factory constructed with filter configurations : {}
23:34:55.873 [Test worker] DEBUG org.hibernate.internal.SessionFactoryImpl - Instantiating session factory with properties: {sun.desktop=windows, awt.toolkit=sun.awt.windows.WToolkit, dialect=org.hibernate.dialect.MySQLDialect, file.encoding.pkg=sun.io, java.specification.version=1.8, sun.cpu.isalist=amd64, sun.jnu.encoding=Cp1251, hibernate.dialect=org.hibernate.dialect.MySQLDialect, org.gradle.test.worker=32, java.class.path=C:\Devel\java_pft\mantis-tests\build\classes\java\test;C:\Devel\java_pft\mantis-tests\build\resources\test;C:\Devel\java_pft\mantis-tests\build\classes\java\main;C:\Devel\java_pft\mantis-tests\build\resources\main;C:\Users\M6800\.gradle\caches\modules-2\files-2.1\org.testng\testng\6.9.10\6feb3e964aeb7097aff30c372aac3ec0f8d87ede\testng-6.9.10.jar;C:\Users\M6800\.gradle\caches\modules-2\files-2.1\org.seleniumhq.selenium\selenium-java\4.0.0-alpha-3\c43b4c5d0f47c954fd7d40779aa1af215e1ea6bf\selenium-java-4.0.0-alpha-3.jar;C:\Users\M6800\.gradle\caches\modules-2\files-2.1\org.hamcrest\hamcrest\2.2\1820c0968dba3a11a1b30669bb1f01978a91dedc\hamcrest-2.2.jar;C:\Users\M6800\.gradle\caches\modules-2\files-2.1\commons-net\commons-net\3.4\5e984db9554728564d58e90da5d90eff8ae8cf2d\commons-net-3.4.jar;C:\Users\M6800\.gradle\caches\modules-2\files-2.1\org.apache.httpcomponents\httpclient\4.5.10\7ca2e4276f4ef95e4db725a8cd4a1d1e7585b9e5\httpclient-4.5.10.jar;C:\Users\M6800\.gradle\caches\modules-2\files-2.1\org.subethamail\subethasmtp\3.1.7\41381242daa11113c32da5b25d001bfdf4df53fb\subethasmtp-3.1.7.jar;C:\Users\M6800\.gradle\caches\modules-2\files-2.1\ru.lanwen.verbalregex\java-verbal-expressions\1.6\a006afed616cfceb0ba77a58b51d59d4ea3f6e63\java-verbal-expressions-1.6.jar;C:\Users\M6800\.gradle\caches\modules-2\files-2.1\com.newrelic.logging\logback\1.0-rc3\2fc55baf7ea2cbecb933ec2505cb927c1b83c8a\logback-1.0-rc3.jar;C:\Users\M6800\.gradle\caches\modules-2\files-2.1\org.hibernate\hibernate-core\5.3.15.Final\26139d4ec2942bca5ede6c08357fbf4e0473fe1\hibernate-core-5.3.15.Final.jar;C:\Users\M6800\.gradle\caches\modules-2\files-2.1\mysql\mysql-connector-java\8.0.18\e088efaa4b568bc7d9f7274b9c5ea1a00da1a45c\mysql-connector-java-8.0.18.jar;C:\Users\M6800\.gradle\caches\modules-2\files-2.1\com.beust\jcommander\1.48\bfcb96281ea3b59d626704f74bc6d625ff51cbce\jcommander-1.48.jar;C:\Users\M6800\.gradle\caches\modules-2\files-2.1\org.beanshell\bsh\2.0b4\a05f0a0feefa8d8467ac80e16e7de071489f0d9c\bsh-2.0b4.jar;C:\Users\M6800\.gradle\caches\modules-2\files-2.1\org.seleniumhq.selenium\selenium-support\4.0.0-alpha-3\56fe30b7f8286d983937be744e1592429a80b1e7\selenium-support-4.0.0-alpha-3.jar;C:\Users\M6800\.gradle\caches\modules-2\files-2.1\org.seleniumhq.selenium\selenium-chrome-driver\4.0.0-alpha-3\75b6fef517cdff403de688a35e4129de1070d1c2\selenium-chrome-driver-4.0.0-alpha-3.jar;C:\Users\M6800\.gradle\caches\modules-2\files-2.1\org.seleniumhq.selenium\selenium-edgehtml-driver\4.0.0-alpha-3\12881a7863752dc556a47b4944d0327bd8273878\selenium-edgehtml-driver-4.0.0-alpha-3.jar;C:\Users\M6800\.gradle\caches\modules-2\files-2.1\org.seleniumhq.selenium\selenium-edge-driver\4.0.0-alpha-3\20047ba68fab57d1379553f172c24f552516768e\selenium-edge-driver-4.0.0-alpha-3.jar;C:\Users\M6800\.gradle\caches\modules-2\files-2.1\org.seleniumhq.selenium\selenium-firefox-xpi-driver\4.0.0-alpha-3\e63e158d90cb947618cd0879905928562f64ec0b\selenium-firefox-xpi-driver-4.0.0-alpha-3.jar;C:\Users\M6800\.gradle\caches\modules-2\files-2.1\org.seleniumhq.selenium\selenium-ie-driver\4.0.0-alpha-3\b6a0c19734016945f186d7cfd8be5f933f091e\selenium-ie-driver-4.0.0-alpha-3.jar;C:\Users\M6800\.gradle\caches\modules-2\files-2.1\org.seleniumhq.selenium\selenium-opera-driver\4.0.0-alpha-3\71b484733680878dfa3187dde440d8c519494868\selenium-opera-driver-4.0.0-alpha-3.jar;C:\Users\M6800\.gradle\caches\modules-2\files-2.1\org.seleniumhq.selenium\selenium-firefox-driver\4.0.0-alpha-3\132322f6a7f221dddc9b8e89c5afd3a790717243\selenium-firefox-driver-4.0.0-alpha-3.jar;C:\Users\M6800\.gradle\caches\modules-2\files-2.1\org.seleniumhq.selenium\selenium-safari-driver\4.0.0-alpha-3\c141131a43b4e47c9807c71340e6fdd422119905\selenium-safari-driver-4.0.0-alpha-3.jar;C:\Users\M6800\.gradle\caches\modules-2\files-2.1\org.seleniumhq.selenium\selenium-chromium-driver\4.0.0-alpha-3\e381572dd2bdf12d72f8d4d163b04d36168be20a\selenium-chromium-driver-4.0.0-alpha-3.jar;C:\Users\M6800\.gradle\caches\modules-2\files-2.1\org.seleniumhq.selenium\selenium-devtools\4.0.0-alpha-3\40f4ef596fc8179edc36dff75a981a2e3072ad9c\selenium-devtools-4.0.0-alpha-3.jar;C:\Users\M6800\.gradle\caches\modules-2\files-2.1\org.seleniumhq.selenium\selenium-remote-driver\4.0.0-alpha-3\e1f050997120e47d12819cdf8db5b260b75433bc\selenium-remote-driver-4.0.0-alpha-3.jar;C:\Users\M6800\.gradle\caches\modules-2\files-2.1\org.seleniumhq.selenium\selenium-http\4.0.0-alpha-3\42d2d579633c55a3de4170c397ea228dd2f055ba\selenium-http-4.0.0-alpha-3.jar;C:\Users\M6800\.gradle\caches\modules-2\files-2.1\org.seleniumhq.selenium\selenium-json\4.0.0-alpha-3\17afddd52d686a8b3620083e3f5ae209602c2da9\selenium-json-4.0.0-alpha-3.jar;C:\Users\M6800\.gradle\caches\modules-2\files-2.1\org.seleniumhq.selenium\selenium-api\4.0.0-alpha-3\dfe422f572251cb5b2c534ba0fc11fab19afbf50\selenium-api-4.0.0-alpha-3.jar;C:\Users\M6800\.gradle\caches\modules-2\files-2.1\org.apache.httpcomponents\httpcore\4.4.12\21ebaf6d532bc350ba95bd81938fa5f0e511c132\httpcore-4.4.12.jar;C:\Users\M6800\.gradle\caches\modules-2\files-2.1\commons-logging\commons-logging\1.2\4bfc12adfe4842bf07b657f0369c4cb522955686\commons-logging-1.2.jar;C:\Users\M6800\.gradle\caches\modules-2\files-2.1\commons-codec\commons-codec\1.11\3acb4705652e16236558f0f4f2192cc33c3bd189\commons-codec-1.11.jar;C:\Users\M6800\.gradle\caches\modules-2\files-2.1\javax.mail\mail\1.4.4\b907ef0a02ff6e809392b1e7149198497fcc8e49\mail-1.4.4.jar;C:\Users\M6800\.gradle\caches\modules-2\files-2.1\javax.activation\activation\1.1.1\485de3a253e23f645037828c07f1d7f1af40763a\activation-1.1.1.jar;C:\Users\M6800\.gradle\caches\modules-2\files-2.1\ch.qos.logback\logback-classic\1.2.0\7e0045202673926b5cc8779f9e047e881f82b498\logback-classic-1.2.0.jar;C:\Users\M6800\.gradle\caches\modules-2\files-2.1\org.slf4j\slf4j-api\1.7.22\a1c83373863cec7ae8d89dc1c5722d8cb6ec0309\slf4j-api-1.7.22.jar;C:\Users\M6800\.gradle\caches\modules-2\files-2.1\com.google.guava\guava\27.1-jre\e47b59c893079b87743cdcfb6f17ca95c08c592c\guava-27.1-jre.jar;C:\Users\M6800\.gradle\caches\modules-2\files-2.1\com.google.code.findbugs\jsr305\3.0.2\25ea2e8b0c338a877313bd4672d3fe056ea78f0d\jsr305-3.0.2.jar;C:\Users\M6800\.gradle\caches\modules-2\files-2.1\com.fasterxml.jackson.core\jackson-core\2.9.9\bfff5af9fb8347d26bbb7959cb9b4fe9a2b0ca5e\jackson-core-2.9.9.jar;C:\Users\M6800\.gradle\caches\modules-2\files-2.1\ch.qos.logback\logback-core\1.2.0\5a95c8addab9544177c78474d6fdee4125dfc78e\logback-core-1.2.0.jar;C:\Users\M6800\.gradle\caches\modules-2\files-2.1\com.newrelic.agent.java\newrelic-api\5.6.0\dd5eb4297fdc1d8098c4cc9720283a50403c8706\newrelic-api-5.6.0.jar;C:\Users\M6800\.gradle\caches\modules-2\files-2.1\org.hibernate.common\hibernate-commons-annotations\5.0.4.Final\965a18fdf939ee75e41f7918532d37b3a8350535\hibernate-commons-annotations-5.0.4.Final.jar;C:\Users\M6800\.gradle\caches\modules-2\files-2.1\org.jboss.logging\jboss-logging\3.3.2.Final\3789d00e859632e6c6206adc0c71625559e6e3b0\jboss-logging-3.3.2.Final.jar;C:\Users\M6800\.gradle\caches\modules-2\files-2.1\javax.persistence\javax.persistence-api\2.2\25665ac8c0b62f50e6488173233239120fc52c96\javax.persistence-api-2.2.jar;C:\Users\M6800\.gradle\caches\modules-2\files-2.1\org.javassist\javassist\3.23.2-GA\c5afe660a95e87ceb518e4f5cf02f5c56b547683\javassist-3.23.2-GA.jar;C:\Users\M6800\.gradle\caches\modules-2\files-2.1\net.bytebuddy\byte-buddy\1.9.12\39050dbbd36862ea87eb9a64158854b04619ccd6\byte-buddy-1.9.12.jar;C:\Users\M6800\.gradle\caches\modules-2\files-2.1\antlr\antlr\2.7.7\83cd2cd674a217ade95a4bb83a8a14f351f48bd0\antlr-2.7.7.jar;C:\Users\M6800\.gradle\caches\modules-2\files-2.1\org.jboss.spec.javax.transaction\jboss-transaction-api_1.2_spec\1.1.1.Final\a8485cab9484dda36e9a8c319e76b5cc18797b58\jboss-transaction-api_1.2_spec-1.1.1.Final.jar;C:\Users\M6800\.gradle\caches\modules-2\files-2.1\org.jboss\jandex\2.0.5.Final\7060f67764565b9ee9d467e3ed0cb8a9c601b23a\jandex-2.0.5.Final.jar;C:\Users\M6800\.gradle\caches\modules-2\files-2.1\com.fasterxml\classmate\1.3.4\3d5f48f10bbe4eb7bd862f10c0583be2e0053c6\classmate-1.3.4.jar;C:\Users\M6800\.gradle\caches\modules-2\files-2.1\org.glassfish.jaxb\jaxb-runtime\2.3.1\dd6dda9da676a54c5b36ca2806ff95ee017d8738\jaxb-runtime-2.3.1.jar;C:\Users\M6800\.gradle\caches\modules-2\files-2.1\javax.xml.bind\jaxb-api\2.3.1\8531ad5ac454cc2deb9d4d32c40c4d7451939b5d\jaxb-api-2.3.1.jar;C:\Users\M6800\.gradle\caches\modules-2\files-2.1\javax.activation\javax.activation-api\1.2.0\85262acf3ca9816f9537ca47d5adeabaead7cb16\javax.activation-api-1.2.0.jar;C:\Users\M6800\.gradle\caches\modules-2\files-2.1\org.dom4j\dom4j\2.1.1\3dce5dbb3571aa820c677fadd8349bfa8f00c199\dom4j-2.1.1.jar;C:\Users\M6800\.gradle\caches\modules-2\files-2.1\com.google.protobuf\protobuf-java\3.6.1\d06d46ecfd92ec6d0f3b423b4cd81cb38d8b924\protobuf-java-3.6.1.jar;C:\Users\M6800\.gradle\caches\modules-2\files-2.1\com.squareup.okhttp3\okhttp\4.0.1\4e606430c80c69b744d19c6ca1b269b68e297040\okhttp-4.0.1.jar;C:\Users\M6800\.gradle\caches\modules-2\files-2.1\io.opentracing\opentracing-api\0.33.0\67336cfb9d93779c02e1fda4c87801d352720eda\opentracing-api-0.33.0.jar;C:\Users\M6800\.gradle\caches\modules-2\files-2.1\org.apache.commons\commons-exec\1.3\8dfb9facd0830a27b1b5f29f84593f0aeee7773b\commons-exec-1.3.jar;C:\Users\M6800\.gradle\caches\modules-2\files-2.1\org.glassfish.jaxb\txw2\2.3.1\a09d2c48d3285f206fafbffe0e50619284e92126\txw2-2.3.1.jar;C:\Users\M6800\.gradle\caches\modules-2\files-2.1\com.sun.istack\istack-commons-runtime\3.0.7\c197c86ceec7318b1284bffb49b54226ca774003\istack-commons-runtime-3.0.7.jar;C:\Users\M6800\.gradle\caches\modules-2\files-2.1\org.jvnet.staxex\stax-ex\1.8\8cc35f73da321c29973191f2cf143d29d26a1df7\stax-ex-1.8.jar;C:\Users\M6800\.gradle\caches\modules-2\files-2.1\com.sun.xml.fastinfoset\FastInfoset\1.2.15\bb7b7ec0379982b97c62cd17465cb6d9155f68e8\FastInfoset-1.2.15.jar;C:\Users\M6800\.gradle\caches\modules-2\files-2.1\com.google.guava\failureaccess\1.0.1\1dcf1de382a0bf95a3d8b0849546c88bac1292c9\failureaccess-1.0.1.jar;C:\Users\M6800\.gradle\caches\modules-2\files-2.1\com.google.guava\listenablefuture\9999.0-empty-to-avoid-conflict-with-guava\b421526c5f297295adef1c886e5246c39d4ac629\listenablefuture-9999.0-empty-to-avoid-conflict-with-guava.jar;C:\Users\M6800\.gradle\caches\modules-2\files-2.1\org.checkerframework\checker-qual\2.5.2\cea74543d5904a30861a61b4643a5f2bb372efc4\checker-qual-2.5.2.jar;C:\Users\M6800\.gradle\caches\modules-2\files-2.1\com.google.errorprone\error_prone_annotations\2.2.0\88e3c593e9b3586e1c6177f89267da6fc6986f0c\error_prone_annotations-2.2.0.jar;C:\Users\M6800\.gradle\caches\modules-2\files-2.1\com.google.j2objc\j2objc-annotations\1.1\ed28ded51a8b1c6b112568def5f4b455e6809019\j2objc-annotations-1.1.jar;C:\Users\M6800\.gradle\caches\modules-2\files-2.1\org.codehaus.mojo\animal-sniffer-annotations\1.17\f97ce6decaea32b36101e37979f8b647f00681fb\animal-sniffer-annotations-1.17.jar;C:\Users\M6800\.gradle\caches\modules-2\files-2.1\com.squareup.okio\okio\2.2.2\36f483536153f15339a8b48d508e22be7c9c531a\okio-2.2.2.jar;C:\Users\M6800\.gradle\caches\modules-2\files-2.1\org.jetbrains.kotlin\kotlin-stdlib\1.3.40\b8a521c687329303778548e2f09b0ba5b2665236\kotlin-stdlib-1.3.40.jar;C:\Users\M6800\.gradle\caches\modules-2\files-2.1\org.jetbrains.kotlin\kotlin-stdlib-common\1.3.40\ff8f3da514fc2877d1303d55e22d6da8156c29fb\kotlin-stdlib-common-1.3.40.jar;C:\Users\M6800\.gradle\caches\modules-2\files-2.1\org.jetbrains\annotations\13.0\919f0dfe192fb4e063e7dacadee7f8bb9a2672a9\annotations-13.0.jar, java.vm.vendor=Oracle Corporation, sun.arch.data.model=64, hbm2ddl.auto=validate, user.variant=, java.vendor.url=http://java.oracle.com/, user.timezone=Asia/Novosibirsk, os.name=Windows 10, java.vm.specification.version=1.8, sun.java.launcher=SUN_STANDARD, user.country=RU, sun.boot.library.path=C:\Program Files\Java\jdk1.8.0_231\jre\bin, sun.java.command=worker.org.gradle.process.internal.worker.GradleWorkerMain 'Gradle Test Executor 32', sun.cpu.endian=little, user.home=C:\Users\M6800, user.language=ru, java.specification.vendor=Oracle Corporation, hibernate.cache.provider_class=org.hibernate.cache.internal.NoCacheProvider, org.gradle.native=false, java.home=C:\Program Files\Java\jdk1.8.0_231\jre, file.separator=\, line.separator=
, java.vm.specification.vendor=Oracle Corporation, java.specification.name=Java Platform API Specification, java.awt.graphicsenv=sun.awt.Win32GraphicsEnvironment, cache.provider_class=org.hibernate.cache.internal.NoCacheProvider, sun.boot.class.path=C:\Program Files\Java\jdk1.8.0_231\jre\lib\resources.jar;C:\Program Files\Java\jdk1.8.0_231\jre\lib\rt.jar;C:\Program Files\Java\jdk1.8.0_231\jre\lib\sunrsasign.jar;C:\Program Files\Java\jdk1.8.0_231\jre\lib\jsse.jar;C:\Program Files\Java\jdk1.8.0_231\jre\lib\jce.jar;C:\Program Files\Java\jdk1.8.0_231\jre\lib\charsets.jar;C:\Program Files\Java\jdk1.8.0_231\jre\lib\jfr.jar;C:\Program Files\Java\jdk1.8.0_231\jre\classes, hibernate.hbm2ddl.auto=validate, user.script=, connection.password=, sun.management.compiler=HotSpot 64-Bit Tiered Compilers, java.runtime.version=1.8.0_231-b11, user.name=M6800, path.separator=;, hibernate.connection.username=****, os.version=10.0, java.endorsed.dirs=C:\Program Files\Java\jdk1.8.0_231\jre\lib\endorsed, java.runtime.name=Java(TM) SE Runtime Environment, hibernate.connection.url=jdbc:mysql://localhost:3306/bugtracker?useTimezone=true&serverTimezone=UTC, connection.pool_size=1, file.encoding=windows-1251, java.vm.name=Java HotSpot(TM) 64-Bit Server VM, hibernate.connection.driver_class=com.mysql.jdbc.Driver, java.vendor.url.bug=http://bugreport.sun.com/bugreport/, java.io.tmpdir=C:\Users\M6800\AppData\Local\Temp\, java.version=1.8.0_231, user.dir=C:\Devel\java_pft\mantis-tests, os.arch=amd64, connection.username=root, java.vm.specification.name=Java Virtual Machine Specification, hibernate.connection.password=****, java.awt.printerjob=sun.awt.windows.WPrinterJob, sun.os.patch.level=, connection.driver_class=com.mysql.jdbc.Driver, hibernate.boot.CfgXmlAccessService.key=org.hibernate.boot.cfgxml.spi.LoadedConfig@1a3115fe, java.library.path=C:\Program Files\Java\jdk1.8.0_231\bin;C:\WINDOWS\Sun\Java\bin;C:\WINDOWS\system32;C:\WINDOWS;C:\Program Files (x86)\Intel\iCLS Client\;C:\Program Files\Intel\iCLS Client\;C:\Program Files\Common Files\Microsoft Shared\Windows Live;C:\Program Files (x86)\Common Files\Microsoft Shared\Windows Live;C:\WINDOWS\system32;C:\WINDOWS;C:\WINDOWS\System32\Wbem;C:\WINDOWS\System32\WindowsPowerShell\v1.0\;C:\Program Files (x86)\Windows Live\Shared;C:\Program Files\Intel\WiFi\bin\;C:\Program Files\Common Files\Intel\WirelessCommon\;C:\WINDOWS\System32\OpenSSH\;C:\Program Files (x86)\Intel\Intel(R) Management Engine Components\DAL;C:\Program Files\Intel\Intel(R) Management Engine Components\DAL;C:\Program Files (x86)\Intel\Intel(R) Management Engine Components\IPT;C:\Program Files\Intel\Intel(R) Management Engine Components\IPT;C:\Program Files (x86)\Common Files\Oracle\Java\javapath;C:\Program Files\Java\jdk1.8.0_231\bin;C:\Program Files\Git\cmd;C:\Program Files\Intel\WiFi\bin\;C:\Program Files\Common Files\Intel\WirelessCommon\;C:\Users\M6800\AppData\Local\Microsoft\WindowsApps;C:\Users\M6800\AppData\Local\GitHubDesktop\bin;., java.vendor=Oracle Corporation, java.vm.info=mixed mode, java.vm.version=25.231-b11, hibernate.bytecode.use_reflection_optimizer=false, sun.io.unicode.encoding=UnicodeLittle, java.ext.dirs=C:\Program Files\Java\jdk1.8.0_231\jre\lib\ext;C:\WINDOWS\Sun\Java\lib\ext, hibernate.connection.pool_size=1, connection.url=jdbc:mysql://localhost:3306/bugtracker?useTimezone=true&serverTimezone=UTC, java.class.version=52.0}
23:34:55.888 [Test worker] DEBUG org.hibernate.secure.spi.JaccIntegrator - Skipping JACC integration as it was not enabled
23:34:55.889 [Test worker] DEBUG org.hibernate.internal.SessionFactoryImpl - Instantiated session factory
23:34:55.890 [Test worker] DEBUG org.hibernate.type.spi.TypeConfiguration$Scope - Scoping TypeConfiguration [org.hibernate.type.spi.TypeConfiguration@3e2a87eb] to SessionFactoryImpl [org.hibernate.internal.SessionFactoryImpl@3c1c34ba]
23:34:55.934 [Test worker] DEBUG org.hibernate.boot.internal.ClassLoaderAccessImpl - Not known whether passed class name [ru.stqa.pft.mantis.model.User] is safe
23:34:55.934 [Test worker] DEBUG org.hibernate.boot.internal.ClassLoaderAccessImpl - No temp ClassLoader provided; using live ClassLoader for loading potentially unsafe class : ru.stqa.pft.mantis.model.User
23:34:55.954 [Test worker] DEBUG org.hibernate.boot.internal.ClassLoaderAccessImpl - Not known whether passed class name [ru.stqa.pft.mantis.model.User] is safe
23:34:55.954 [Test worker] DEBUG org.hibernate.boot.internal.ClassLoaderAccessImpl - No temp ClassLoader provided; using live ClassLoader for loading potentially unsafe class : ru.stqa.pft.mantis.model.User
23:34:56.161 [Test worker] DEBUG org.hibernate.persister.entity.AbstractEntityPersister - Static SQL for entity: ru.stqa.pft.mantis.model.User
23:34:56.161 [Test worker] DEBUG org.hibernate.persister.entity.AbstractEntityPersister -  Version select: select id from mantis_user_mantis where id =?
23:34:56.161 [Test worker] DEBUG org.hibernate.persister.entity.AbstractEntityPersister -  Snapshot select: select user_.id, user_.email as email2_0_, user_.username as username3_0_ from mantis_user_mantis user_ where user_.id=?
23:34:56.161 [Test worker] DEBUG org.hibernate.persister.entity.AbstractEntityPersister -  Insert 0: insert into mantis_user_mantis (email, username, id) values (?, ?, ?)
23:34:56.161 [Test worker] DEBUG org.hibernate.persister.entity.AbstractEntityPersister -  Update 0: update mantis_user_mantis set email=?, username=? where id=?
23:34:56.161 [Test worker] DEBUG org.hibernate.persister.entity.AbstractEntityPersister -  Delete 0: delete from mantis_user_mantis where id=?
23:34:56.177 [Test worker] DEBUG org.hibernate.loader.plan.build.internal.spaces.QuerySpacesImpl - Adding QuerySpace : uid = <gen:0> -> org.hibernate.loader.plan.build.internal.spaces.EntityQuerySpaceImpl@34d9fe3c]
23:34:56.178 [Test worker] DEBUG org.hibernate.persister.walking.spi.MetamodelGraphWalker - Visiting attribute path : email
23:34:56.179 [Test worker] DEBUG org.hibernate.persister.walking.spi.MetamodelGraphWalker - Visiting attribute path : username
23:34:56.179 [Test worker] DEBUG org.hibernate.loader.plan.build.internal.FetchStyleLoadPlanBuildingAssociationVisitationStrategy - Building LoadPlan...
23:34:56.189 [Test worker] DEBUG org.hibernate.loader.plan.exec.internal.LoadQueryJoinAndFetchProcessor - processing queryspace <gen:0>
23:34:56.193 [Test worker] DEBUG org.hibernate.loader.plan.build.spi.LoadPlanTreePrinter - LoadPlan(entity=ru.stqa.pft.mantis.model.User)
    - Returns
       - EntityReturnImpl(entity=ru.stqa.pft.mantis.model.User, querySpaceUid=<gen:0>, path=ru.stqa.pft.mantis.model.User)
    - QuerySpaces
       - EntityQuerySpaceImpl(uid=<gen:0>, entity=ru.stqa.pft.mantis.model.User)
          - SQL table alias mapping - user0_
          - alias suffix - 0_
          - suffixed key columns - {id1_0_0_}

23:34:56.196 [Test worker] DEBUG org.hibernate.loader.entity.plan.EntityLoader - Static select for entity ru.stqa.pft.mantis.model.User [NONE]: select user0_.id as id1_0_0_, user0_.email as email2_0_0_, user0_.username as username3_0_0_ from mantis_user_mantis user0_ where user0_.id=?
23:34:56.196 [Test worker] DEBUG org.hibernate.loader.plan.build.internal.spaces.QuerySpacesImpl - Adding QuerySpace : uid = <gen:0> -> org.hibernate.loader.plan.build.internal.spaces.EntityQuerySpaceImpl@59cf26a]
23:34:56.196 [Test worker] DEBUG org.hibernate.persister.walking.spi.MetamodelGraphWalker - Visiting attribute path : email
23:34:56.196 [Test worker] DEBUG org.hibernate.persister.walking.spi.MetamodelGraphWalker - Visiting attribute path : username
23:34:56.196 [Test worker] DEBUG org.hibernate.loader.plan.build.internal.FetchStyleLoadPlanBuildingAssociationVisitationStrategy - Building LoadPlan...
23:34:56.196 [Test worker] DEBUG org.hibernate.loader.plan.exec.internal.LoadQueryJoinAndFetchProcessor - processing queryspace <gen:0>
23:34:56.196 [Test worker] DEBUG org.hibernate.loader.plan.build.spi.LoadPlanTreePrinter - LoadPlan(entity=ru.stqa.pft.mantis.model.User)
    - Returns
       - EntityReturnImpl(entity=ru.stqa.pft.mantis.model.User, querySpaceUid=<gen:0>, path=ru.stqa.pft.mantis.model.User)
    - QuerySpaces
       - EntityQuerySpaceImpl(uid=<gen:0>, entity=ru.stqa.pft.mantis.model.User)
          - SQL table alias mapping - user0_
          - alias suffix - 0_
          - suffixed key columns - {id1_0_0_}

23:34:56.197 [Test worker] DEBUG org.hibernate.loader.entity.plan.EntityLoader - Static select for entity ru.stqa.pft.mantis.model.User [READ]: select user0_.id as id1_0_0_, user0_.email as email2_0_0_, user0_.username as username3_0_0_ from mantis_user_mantis user0_ where user0_.id=?
23:34:56.210 [Test worker] DEBUG org.hibernate.loader.Loader - Static select for action ACTION_MERGE on entity ru.stqa.pft.mantis.model.User: select user0_.id as id1_0_0_, user0_.email as email2_0_0_, user0_.username as username3_0_0_ from mantis_user_mantis user0_ where user0_.id=?
23:34:56.210 [Test worker] DEBUG org.hibernate.loader.Loader - Static select for action ACTION_REFRESH on entity ru.stqa.pft.mantis.model.User: select user0_.id as id1_0_0_, user0_.email as email2_0_0_, user0_.username as username3_0_0_ from mantis_user_mantis user0_ where user0_.id=?
23:34:56.237 [Test worker] INFO org.hibernate.orm.connections.access - HHH10001501: Connection obtained from JdbcConnectionAccess [org.hibernate.engine.jdbc.env.internal.JdbcEnvironmentInitiator$ConnectionProviderJdbcConnectionAccess@656b1eb9] for (non-JTA) DDL execution was not in auto-commit mode; the Connection 'local transaction' will be committed and the Connection will be set into auto-commit mode.
23:34:56.654 [Test worker] DEBUG org.hibernate.engine.transaction.jta.platform.internal.JtaPlatformInitiator - No JtaPlatform was specified, checking resolver
23:34:56.655 [Test worker] DEBUG org.hibernate.engine.transaction.jta.platform.internal.JtaPlatformResolverInitiator - No JtaPlatformResolver was specified, using default [org.hibernate.engine.transaction.jta.platform.internal.StandardJtaPlatformResolver]
23:34:56.661 [Test worker] DEBUG org.hibernate.engine.transaction.jta.platform.internal.StandardJtaPlatformResolver - Could not resolve JtaPlatform, using default [org.hibernate.engine.transaction.jta.platform.internal.NoJtaPlatform]
23:34:56.662 [Test worker] DEBUG org.hibernate.query.spi.NamedQueryRepository - Checking 0 named HQL queries
23:34:56.662 [Test worker] DEBUG org.hibernate.query.spi.NamedQueryRepository - Checking 0 named SQL queries
23:34:56.664 [Test worker] DEBUG org.hibernate.internal.SessionFactoryRegistry - Initializing SessionFactoryRegistry : org.hibernate.internal.SessionFactoryRegistry@69b5ba77
23:34:56.666 [Test worker] DEBUG org.hibernate.internal.SessionFactoryRegistry - Registering SessionFactory: 685a773f-5b88-4b46-924f-ffec178b657f (<unnamed>)
23:34:56.666 [Test worker] DEBUG org.hibernate.internal.SessionFactoryRegistry - Not binding SessionFactory to JNDI, no JNDI name configured
23:34:56.726 [Test worker] DEBUG org.hibernate.stat.internal.StatisticsInitiator - Statistics initialized [enabled=false]
23:34:56.735 [Test worker] DEBUG org.hibernate.engine.transaction.internal.TransactionImpl - On TransactionImpl creation, JpaCompliance#isJpaTransactionComplianceEnabled == false
23:34:56.735 [Test worker] DEBUG org.hibernate.engine.transaction.internal.TransactionImpl - begin
23:34:56.748 [Test worker] DEBUG org.hibernate.hql.internal.QueryTranslatorFactoryInitiator - QueryTranslatorFactory : org.hibernate.hql.internal.ast.ASTQueryTranslatorFactory@6661b080
23:34:56.748 [Test worker] INFO org.hibernate.hql.internal.QueryTranslatorFactoryInitiator - HHH000397: Using ASTQueryTranslatorFactory
23:34:56.771 [Test worker] DEBUG org.hibernate.hql.internal.ast.QueryTranslatorImpl - parse() - HQL: from ru.stqa.pft.mantis.model.User
23:34:56.776 [Test worker] DEBUG org.hibernate.hql.internal.ast.ErrorTracker - throwQueryException() : no errors
23:34:56.782 [Test worker] DEBUG org.hibernate.hql.internal.ast.QueryTranslatorImpl - --- HQL AST ---
 \-[QUERY] Node: 'query'
    \-[SELECT_FROM] Node: 'SELECT_FROM'
       \-[FROM] Node: 'from'
          \-[RANGE] Node: 'RANGE'
             \-[DOT] Node: '.'
                +-[DOT] Node: '.'
                |  +-[DOT] Node: '.'
                |  |  +-[DOT] Node: '.'
                |  |  |  +-[DOT] Node: '.'
                |  |  |  |  +-[IDENT] Node: 'ru'
                |  |  |  |  \-[IDENT] Node: 'stqa'
                |  |  |  \-[IDENT] Node: 'pft'
                |  |  \-[IDENT] Node: 'mantis'
                |  \-[IDENT] Node: 'model'
                \-[IDENT] Node: 'User'

23:34:56.808 [Test worker] DEBUG org.hibernate.hql.internal.antlr.HqlSqlBaseWalker - select << begin [level=1, statement=select]
23:34:56.822 [Test worker] DEBUG org.hibernate.hql.internal.ast.tree.FromElement - FromClause{level=1} : ru.stqa.pft.mantis.model.User (<no alias>) -> user0_
23:34:56.823 [Test worker] DEBUG org.hibernate.hql.internal.antlr.HqlSqlBaseWalker - select : finishing up [level=1, statement=select]
23:34:56.823 [Test worker] DEBUG org.hibernate.hql.internal.ast.HqlSqlWalker - processQuery() :  ( SELECT ( FromClause{level=1} mantis_user_mantis user0_ ) )
23:34:56.829 [Test worker] DEBUG org.hibernate.hql.internal.ast.HqlSqlWalker - Derived SELECT clause created.
23:34:56.834 [Test worker] DEBUG org.hibernate.hql.internal.ast.util.JoinProcessor - Using FROM fragment [mantis_user_mantis user0_]
23:34:56.835 [Test worker] DEBUG org.hibernate.hql.internal.antlr.HqlSqlBaseWalker - select >> end [level=1, statement=select]
23:34:56.835 [Test worker] DEBUG org.hibernate.hql.internal.ast.QueryTranslatorImpl - --- SQL AST ---
 \-[SELECT] QueryNode: 'SELECT'  querySpaces (mantis_user_mantis)
    +-[SELECT_CLAUSE] SelectClause: '{derived select clause}'
    |  +-[SELECT_EXPR] SelectExpressionImpl: 'user0_.id as id1_0_' {FromElement{explicit,not a collection join,not a fetch join,fetch non-lazy properties,classAlias=null,role=null,tableName=mantis_user_mantis,tableAlias=user0_,origin=null,columns={,className=ru.stqa.pft.mantis.model.User}}}
    |  \-[SQL_TOKEN] SqlFragment: 'user0_.email as email2_0_, user0_.username as username3_0_'
    \-[FROM] FromClause: 'from' FromClause{level=1, fromElementCounter=1, fromElements=1, fromElementByClassAlias=[], fromElementByTableAlias=[user0_], fromElementsByPath=[], collectionJoinFromElementsByPath=[], impliedElements=[]}
       \-[FROM_FRAGMENT] FromElement: 'mantis_user_mantis user0_' FromElement{explicit,not a collection join,not a fetch join,fetch non-lazy properties,classAlias=null,role=null,tableName=mantis_user_mantis,tableAlias=user0_,origin=null,columns={,className=ru.stqa.pft.mantis.model.User}}

23:34:56.835 [Test worker] DEBUG org.hibernate.hql.internal.ast.ErrorTracker - throwQueryException() : no errors
23:34:56.844 [Test worker] DEBUG org.hibernate.hql.internal.ast.QueryTranslatorImpl - HQL: from ru.stqa.pft.mantis.model.User
23:34:56.844 [Test worker] DEBUG org.hibernate.hql.internal.ast.QueryTranslatorImpl - SQL: select user0_.id as id1_0_, user0_.email as email2_0_, user0_.username as username3_0_ from mantis_user_mantis user0_
23:34:56.844 [Test worker] DEBUG org.hibernate.hql.internal.ast.ErrorTracker - throwQueryException() : no errors
23:34:56.858 [Test worker] DEBUG org.hibernate.SQL - select user0_.id as id1_0_, user0_.email as email2_0_, user0_.username as username3_0_ from mantis_user_mantis user0_
23:34:56.876 [Test worker] DEBUG org.hibernate.loader.Loader - Result set row: 0
23:34:56.879 [Test worker] DEBUG org.hibernate.loader.Loader - Result row: EntityKey[ru.stqa.pft.mantis.model.User#1]
23:34:56.886 [Test worker] DEBUG org.hibernate.loader.Loader - Result set row: 1
23:34:56.886 [Test worker] DEBUG org.hibernate.loader.Loader - Result row: EntityKey[ru.stqa.pft.mantis.model.User#2]
23:34:56.886 [Test worker] DEBUG org.hibernate.loader.Loader - Result set row: 2
23:34:56.887 [Test worker] DEBUG org.hibernate.loader.Loader - Result row: EntityKey[ru.stqa.pft.mantis.model.User#3]
23:34:56.887 [Test worker] DEBUG org.hibernate.loader.Loader - Result set row: 3
23:34:56.887 [Test worker] DEBUG org.hibernate.loader.Loader - Result row: EntityKey[ru.stqa.pft.mantis.model.User#4]
23:34:56.887 [Test worker] DEBUG org.hibernate.loader.Loader - Result set row: 4
23:34:56.887 [Test worker] DEBUG org.hibernate.loader.Loader - Result row: EntityKey[ru.stqa.pft.mantis.model.User#5]
23:34:56.887 [Test worker] DEBUG org.hibernate.loader.Loader - Result set row: 5
23:34:56.887 [Test worker] DEBUG org.hibernate.loader.Loader - Result row: EntityKey[ru.stqa.pft.mantis.model.User#6]
23:34:56.888 [Test worker] DEBUG org.hibernate.loader.Loader - Result set row: 6
23:34:56.888 [Test worker] DEBUG org.hibernate.loader.Loader - Result row: EntityKey[ru.stqa.pft.mantis.model.User#7]
23:34:56.888 [Test worker] DEBUG org.hibernate.loader.Loader - Result set row: 7
23:34:56.888 [Test worker] DEBUG org.hibernate.loader.Loader - Result row: EntityKey[ru.stqa.pft.mantis.model.User#8]
23:34:56.888 [Test worker] DEBUG org.hibernate.loader.Loader - Result set row: 8
23:34:56.888 [Test worker] DEBUG org.hibernate.loader.Loader - Result row: EntityKey[ru.stqa.pft.mantis.model.User#9]
23:34:56.888 [Test worker] DEBUG org.hibernate.loader.Loader - Result set row: 9
23:34:56.888 [Test worker] DEBUG org.hibernate.loader.Loader - Result row: EntityKey[ru.stqa.pft.mantis.model.User#10]
23:34:56.889 [Test worker] DEBUG org.hibernate.loader.Loader - Result set row: 10
23:34:56.889 [Test worker] DEBUG org.hibernate.loader.Loader - Result row: EntityKey[ru.stqa.pft.mantis.model.User#11]
23:34:56.889 [Test worker] DEBUG org.hibernate.loader.Loader - Result set row: 11
23:34:56.889 [Test worker] DEBUG org.hibernate.loader.Loader - Result row: EntityKey[ru.stqa.pft.mantis.model.User#12]
23:34:56.889 [Test worker] DEBUG org.hibernate.loader.Loader - Result set row: 12
23:34:56.889 [Test worker] DEBUG org.hibernate.loader.Loader - Result row: EntityKey[ru.stqa.pft.mantis.model.User#13]
23:34:56.889 [Test worker] DEBUG org.hibernate.loader.Loader - Result set row: 13
23:34:56.889 [Test worker] DEBUG org.hibernate.loader.Loader - Result row: EntityKey[ru.stqa.pft.mantis.model.User#14]
23:34:56.889 [Test worker] DEBUG org.hibernate.loader.Loader - Result set row: 14
23:34:56.889 [Test worker] DEBUG org.hibernate.loader.Loader - Result row: EntityKey[ru.stqa.pft.mantis.model.User#15]
23:34:56.890 [Test worker] DEBUG org.hibernate.loader.Loader - Result set row: 15
23:34:56.890 [Test worker] DEBUG org.hibernate.loader.Loader - Result row: EntityKey[ru.stqa.pft.mantis.model.User#16]
23:34:56.890 [Test worker] DEBUG org.hibernate.loader.Loader - Result set row: 16
23:34:56.890 [Test worker] DEBUG org.hibernate.loader.Loader - Result row: EntityKey[ru.stqa.pft.mantis.model.User#17]
23:34:56.891 [Test worker] DEBUG org.hibernate.loader.Loader - Result set row: 17
23:34:56.891 [Test worker] DEBUG org.hibernate.loader.Loader - Result row: EntityKey[ru.stqa.pft.mantis.model.User#18]
23:34:56.891 [Test worker] DEBUG org.hibernate.loader.Loader - Result set row: 18
23:34:56.891 [Test worker] DEBUG org.hibernate.loader.Loader - Result row: EntityKey[ru.stqa.pft.mantis.model.User#19]
23:34:56.891 [Test worker] DEBUG org.hibernate.loader.Loader - Result set row: 19
23:34:56.891 [Test worker] DEBUG org.hibernate.loader.Loader - Result row: EntityKey[ru.stqa.pft.mantis.model.User#20]
23:34:56.891 [Test worker] DEBUG org.hibernate.loader.Loader - Result set row: 20
23:34:56.891 [Test worker] DEBUG org.hibernate.loader.Loader - Result row: EntityKey[ru.stqa.pft.mantis.model.User#21]
23:34:56.891 [Test worker] DEBUG org.hibernate.loader.Loader - Result set row: 21
23:34:56.891 [Test worker] DEBUG org.hibernate.loader.Loader - Result row: EntityKey[ru.stqa.pft.mantis.model.User#22]
23:34:56.891 [Test worker] DEBUG org.hibernate.loader.Loader - Result set row: 22
23:34:56.892 [Test worker] DEBUG org.hibernate.loader.Loader - Result row: EntityKey[ru.stqa.pft.mantis.model.User#23]
23:34:56.892 [Test worker] DEBUG org.hibernate.loader.Loader - Result set row: 23
23:34:56.892 [Test worker] DEBUG org.hibernate.loader.Loader - Result row: EntityKey[ru.stqa.pft.mantis.model.User#24]
23:34:56.892 [Test worker] DEBUG org.hibernate.loader.Loader - Result set row: 24
23:34:56.892 [Test worker] DEBUG org.hibernate.loader.Loader - Result row: EntityKey[ru.stqa.pft.mantis.model.User#25]
23:34:56.892 [Test worker] DEBUG org.hibernate.loader.Loader - Result set row: 25
23:34:56.892 [Test worker] DEBUG org.hibernate.loader.Loader - Result row: EntityKey[ru.stqa.pft.mantis.model.User#26]
23:34:56.892 [Test worker] DEBUG org.hibernate.loader.Loader - Result set row: 26
23:34:56.892 [Test worker] DEBUG org.hibernate.loader.Loader - Result row: EntityKey[ru.stqa.pft.mantis.model.User#27]
23:34:56.892 [Test worker] DEBUG org.hibernate.loader.Loader - Result set row: 27
23:34:56.892 [Test worker] DEBUG org.hibernate.loader.Loader - Result row: EntityKey[ru.stqa.pft.mantis.model.User#28]
23:34:56.893 [Test worker] DEBUG org.hibernate.loader.Loader - Result set row: 28
23:34:56.893 [Test worker] DEBUG org.hibernate.loader.Loader - Result row: EntityKey[ru.stqa.pft.mantis.model.User#29]
23:34:56.893 [Test worker] DEBUG org.hibernate.loader.Loader - Result set row: 29
23:34:56.893 [Test worker] DEBUG org.hibernate.loader.Loader - Result row: EntityKey[ru.stqa.pft.mantis.model.User#30]
23:34:56.894 [Test worker] DEBUG org.hibernate.engine.internal.TwoPhaseLoad - Resolving associations for [ru.stqa.pft.mantis.model.User#1]
23:34:56.897 [Test worker] DEBUG org.hibernate.engine.internal.TwoPhaseLoad - Done materializing entity [ru.stqa.pft.mantis.model.User#1]
23:34:56.897 [Test worker] DEBUG org.hibernate.engine.internal.TwoPhaseLoad - Resolving associations for [ru.stqa.pft.mantis.model.User#2]
23:34:56.897 [Test worker] DEBUG org.hibernate.engine.internal.TwoPhaseLoad - Done materializing entity [ru.stqa.pft.mantis.model.User#2]
23:34:56.897 [Test worker] DEBUG org.hibernate.engine.internal.TwoPhaseLoad - Resolving associations for [ru.stqa.pft.mantis.model.User#3]
23:34:56.897 [Test worker] DEBUG org.hibernate.engine.internal.TwoPhaseLoad - Done materializing entity [ru.stqa.pft.mantis.model.User#3]
23:34:56.897 [Test worker] DEBUG org.hibernate.engine.internal.TwoPhaseLoad - Resolving associations for [ru.stqa.pft.mantis.model.User#4]
23:34:56.897 [Test worker] DEBUG org.hibernate.engine.internal.TwoPhaseLoad - Done materializing entity [ru.stqa.pft.mantis.model.User#4]
23:34:56.897 [Test worker] DEBUG org.hibernate.engine.internal.TwoPhaseLoad - Resolving associations for [ru.stqa.pft.mantis.model.User#5]
23:34:56.897 [Test worker] DEBUG org.hibernate.engine.internal.TwoPhaseLoad - Done materializing entity [ru.stqa.pft.mantis.model.User#5]
23:34:56.898 [Test worker] DEBUG org.hibernate.engine.internal.TwoPhaseLoad - Resolving associations for [ru.stqa.pft.mantis.model.User#6]
23:34:56.898 [Test worker] DEBUG org.hibernate.engine.internal.TwoPhaseLoad - Done materializing entity [ru.stqa.pft.mantis.model.User#6]
23:34:56.898 [Test worker] DEBUG org.hibernate.engine.internal.TwoPhaseLoad - Resolving associations for [ru.stqa.pft.mantis.model.User#7]
23:34:56.898 [Test worker] DEBUG org.hibernate.engine.internal.TwoPhaseLoad - Done materializing entity [ru.stqa.pft.mantis.model.User#7]
23:34:56.898 [Test worker] DEBUG org.hibernate.engine.internal.TwoPhaseLoad - Resolving associations for [ru.stqa.pft.mantis.model.User#8]
23:34:56.898 [Test worker] DEBUG org.hibernate.engine.internal.TwoPhaseLoad - Done materializing entity [ru.stqa.pft.mantis.model.User#8]
23:34:56.898 [Test worker] DEBUG org.hibernate.engine.internal.TwoPhaseLoad - Resolving associations for [ru.stqa.pft.mantis.model.User#9]
23:34:56.898 [Test worker] DEBUG org.hibernate.engine.internal.TwoPhaseLoad - Done materializing entity [ru.stqa.pft.mantis.model.User#9]
23:34:56.898 [Test worker] DEBUG org.hibernate.engine.internal.TwoPhaseLoad - Resolving associations for [ru.stqa.pft.mantis.model.User#10]
23:34:56.898 [Test worker] DEBUG org.hibernate.engine.internal.TwoPhaseLoad - Done materializing entity [ru.stqa.pft.mantis.model.User#10]
23:34:56.898 [Test worker] DEBUG org.hibernate.engine.internal.TwoPhaseLoad - Resolving associations for [ru.stqa.pft.mantis.model.User#11]
23:34:56.898 [Test worker] DEBUG org.hibernate.engine.internal.TwoPhaseLoad - Done materializing entity [ru.stqa.pft.mantis.model.User#11]
23:34:56.898 [Test worker] DEBUG org.hibernate.engine.internal.TwoPhaseLoad - Resolving associations for [ru.stqa.pft.mantis.model.User#12]
23:34:56.898 [Test worker] DEBUG org.hibernate.engine.internal.TwoPhaseLoad - Done materializing entity [ru.stqa.pft.mantis.model.User#12]
23:34:56.898 [Test worker] DEBUG org.hibernate.engine.internal.TwoPhaseLoad - Resolving associations for [ru.stqa.pft.mantis.model.User#13]
23:34:56.899 [Test worker] DEBUG org.hibernate.engine.internal.TwoPhaseLoad - Done materializing entity [ru.stqa.pft.mantis.model.User#13]
23:34:56.899 [Test worker] DEBUG org.hibernate.engine.internal.TwoPhaseLoad - Resolving associations for [ru.stqa.pft.mantis.model.User#14]
23:34:56.899 [Test worker] DEBUG org.hibernate.engine.internal.TwoPhaseLoad - Done materializing entity [ru.stqa.pft.mantis.model.User#14]
23:34:56.899 [Test worker] DEBUG org.hibernate.engine.internal.TwoPhaseLoad - Resolving associations for [ru.stqa.pft.mantis.model.User#15]
23:34:56.899 [Test worker] DEBUG org.hibernate.engine.internal.TwoPhaseLoad - Done materializing entity [ru.stqa.pft.mantis.model.User#15]
23:34:56.899 [Test worker] DEBUG org.hibernate.engine.internal.TwoPhaseLoad - Resolving associations for [ru.stqa.pft.mantis.model.User#16]
23:34:56.899 [Test worker] DEBUG org.hibernate.engine.internal.TwoPhaseLoad - Done materializing entity [ru.stqa.pft.mantis.model.User#16]
23:34:56.899 [Test worker] DEBUG org.hibernate.engine.internal.TwoPhaseLoad - Resolving associations for [ru.stqa.pft.mantis.model.User#17]
23:34:56.899 [Test worker] DEBUG org.hibernate.engine.internal.TwoPhaseLoad - Done materializing entity [ru.stqa.pft.mantis.model.User#17]
23:34:56.899 [Test worker] DEBUG org.hibernate.engine.internal.TwoPhaseLoad - Resolving associations for [ru.stqa.pft.mantis.model.User#18]
23:34:56.899 [Test worker] DEBUG org.hibernate.engine.internal.TwoPhaseLoad - Done materializing entity [ru.stqa.pft.mantis.model.User#18]
23:34:56.899 [Test worker] DEBUG org.hibernate.engine.internal.TwoPhaseLoad - Resolving associations for [ru.stqa.pft.mantis.model.User#19]
23:34:56.899 [Test worker] DEBUG org.hibernate.engine.internal.TwoPhaseLoad - Done materializing entity [ru.stqa.pft.mantis.model.User#19]
23:34:56.899 [Test worker] DEBUG org.hibernate.engine.internal.TwoPhaseLoad - Resolving associations for [ru.stqa.pft.mantis.model.User#20]
23:34:56.899 [Test worker] DEBUG org.hibernate.engine.internal.TwoPhaseLoad - Done materializing entity [ru.stqa.pft.mantis.model.User#20]
23:34:56.900 [Test worker] DEBUG org.hibernate.engine.internal.TwoPhaseLoad - Resolving associations for [ru.stqa.pft.mantis.model.User#21]
23:34:56.900 [Test worker] DEBUG org.hibernate.engine.internal.TwoPhaseLoad - Done materializing entity [ru.stqa.pft.mantis.model.User#21]
23:34:56.900 [Test worker] DEBUG org.hibernate.engine.internal.TwoPhaseLoad - Resolving associations for [ru.stqa.pft.mantis.model.User#22]
23:34:56.900 [Test worker] DEBUG org.hibernate.engine.internal.TwoPhaseLoad - Done materializing entity [ru.stqa.pft.mantis.model.User#22]
23:34:56.900 [Test worker] DEBUG org.hibernate.engine.internal.TwoPhaseLoad - Resolving associations for [ru.stqa.pft.mantis.model.User#23]
23:34:56.900 [Test worker] DEBUG org.hibernate.engine.internal.TwoPhaseLoad - Done materializing entity [ru.stqa.pft.mantis.model.User#23]
23:34:56.900 [Test worker] DEBUG org.hibernate.engine.internal.TwoPhaseLoad - Resolving associations for [ru.stqa.pft.mantis.model.User#24]
23:34:56.900 [Test worker] DEBUG org.hibernate.engine.internal.TwoPhaseLoad - Done materializing entity [ru.stqa.pft.mantis.model.User#24]
23:34:56.900 [Test worker] DEBUG org.hibernate.engine.internal.TwoPhaseLoad - Resolving associations for [ru.stqa.pft.mantis.model.User#25]
23:34:56.900 [Test worker] DEBUG org.hibernate.engine.internal.TwoPhaseLoad - Done materializing entity [ru.stqa.pft.mantis.model.User#25]
23:34:56.900 [Test worker] DEBUG org.hibernate.engine.internal.TwoPhaseLoad - Resolving associations for [ru.stqa.pft.mantis.model.User#26]
23:34:56.900 [Test worker] DEBUG org.hibernate.engine.internal.TwoPhaseLoad - Done materializing entity [ru.stqa.pft.mantis.model.User#26]
23:34:56.900 [Test worker] DEBUG org.hibernate.engine.internal.TwoPhaseLoad - Resolving associations for [ru.stqa.pft.mantis.model.User#27]
23:34:56.900 [Test worker] DEBUG org.hibernate.engine.internal.TwoPhaseLoad - Done materializing entity [ru.stqa.pft.mantis.model.User#27]
23:34:56.900 [Test worker] DEBUG org.hibernate.engine.internal.TwoPhaseLoad - Resolving associations for [ru.stqa.pft.mantis.model.User#28]
23:34:56.900 [Test worker] DEBUG org.hibernate.engine.internal.TwoPhaseLoad - Done materializing entity [ru.stqa.pft.mantis.model.User#28]
23:34:56.901 [Test worker] DEBUG org.hibernate.engine.internal.TwoPhaseLoad - Resolving associations for [ru.stqa.pft.mantis.model.User#29]
23:34:56.901 [Test worker] DEBUG org.hibernate.engine.internal.TwoPhaseLoad - Done materializing entity [ru.stqa.pft.mantis.model.User#29]
23:34:56.901 [Test worker] DEBUG org.hibernate.engine.internal.TwoPhaseLoad - Resolving associations for [ru.stqa.pft.mantis.model.User#30]
23:34:56.901 [Test worker] DEBUG org.hibernate.engine.internal.TwoPhaseLoad - Done materializing entity [ru.stqa.pft.mantis.model.User#30]
23:34:56.903 [Test worker] DEBUG org.hibernate.engine.transaction.internal.TransactionImpl - committing
23:34:56.904 [Test worker] DEBUG org.hibernate.event.internal.AbstractFlushingEventListener - Processing flush-time cascades
23:34:56.908 [Test worker] DEBUG org.hibernate.event.internal.AbstractFlushingEventListener - Dirty checking collections
23:34:56.911 [Test worker] DEBUG org.hibernate.event.internal.AbstractFlushingEventListener - Flushed: 0 insertions, 0 updates, 0 deletions to 30 objects
23:34:56.911 [Test worker] DEBUG org.hibernate.event.internal.AbstractFlushingEventListener - Flushed: 0 (re)creations, 0 updates, 0 removals to 0 collections
23:34:56.913 [Test worker] DEBUG org.hibernate.internal.util.EntityPrinter - Listing entities:
23:34:56.913 [Test worker] DEBUG org.hibernate.internal.util.EntityPrinter - ru.stqa.pft.mantis.model.User{id=18, email=user1579801485837@localhost.localdomain, username=user1579801485837}
23:34:56.913 [Test worker] DEBUG org.hibernate.internal.util.EntityPrinter - ru.stqa.pft.mantis.model.User{id=17, email=user1579801339332@localhost.localdomain, username=user1579801339332}
23:34:56.913 [Test worker] DEBUG org.hibernate.internal.util.EntityPrinter - ru.stqa.pft.mantis.model.User{id=16, email=user1579801281779@localhost.localdomain, username=user1579801281779}
23:34:56.913 [Test worker] DEBUG org.hibernate.internal.util.EntityPrinter - ru.stqa.pft.mantis.model.User{id=15, email=user1579801241015@localhost.localdomain, username=user1579801241015}
23:34:56.913 [Test worker] DEBUG org.hibernate.internal.util.EntityPrinter - ru.stqa.pft.mantis.model.User{id=22, email=user1579802276745@localhost.localdomain, username=user1579802276745}
23:34:56.913 [Test worker] DEBUG org.hibernate.internal.util.EntityPrinter - ru.stqa.pft.mantis.model.User{id=21, email=user1579802136426@localhost.localdomain, username=user1579802136426}
23:34:56.913 [Test worker] DEBUG org.hibernate.internal.util.EntityPrinter - ru.stqa.pft.mantis.model.User{id=20, email=fwfw@deqwf.vervsad, username=fefew@ewfwef.er}
23:34:56.913 [Test worker] DEBUG org.hibernate.internal.util.EntityPrinter - ru.stqa.pft.mantis.model.User{id=19, email=user1579801668549@localhost.localdomain, username=user1579801668549}
23:34:56.913 [Test worker] DEBUG org.hibernate.internal.util.EntityPrinter - ru.stqa.pft.mantis.model.User{id=26, email=user1579876948261@localhost.localdomain, username=user1579876948261}
23:34:56.913 [Test worker] DEBUG org.hibernate.internal.util.EntityPrinter - ru.stqa.pft.mantis.model.User{id=25, email=sf@localhost, username=sf}
23:34:56.913 [Test worker] DEBUG org.hibernate.internal.util.EntityPrinter - ru.stqa.pft.mantis.model.User{id=24, email=fsdf@localhost.locadomain, username=fsdf}
23:34:56.914 [Test worker] DEBUG org.hibernate.internal.util.EntityPrinter - ru.stqa.pft.mantis.model.User{id=23, email=dwe@localhost.localdomain, username=dwe}
23:34:56.914 [Test worker] DEBUG org.hibernate.internal.util.EntityPrinter - ru.stqa.pft.mantis.model.User{id=30, email=user1579882741753@localhost.localdomain, username=user1579882741753}
23:34:56.914 [Test worker] DEBUG org.hibernate.internal.util.EntityPrinter - ru.stqa.pft.mantis.model.User{id=29, email=user1579877633816@localhost.localdomain, username=user1579877633816}
23:34:56.914 [Test worker] DEBUG org.hibernate.internal.util.EntityPrinter - ru.stqa.pft.mantis.model.User{id=28, email=user1579877599298@localhost.localdomain, username=user1579877599298}
23:34:56.914 [Test worker] DEBUG org.hibernate.internal.util.EntityPrinter - ru.stqa.pft.mantis.model.User{id=27, email=user1579877207478@localhost.localdomain, username=user1579877207478}
23:34:56.914 [Test worker] DEBUG org.hibernate.internal.util.EntityPrinter - ru.stqa.pft.mantis.model.User{id=2, email=user1579710498598@localhost.localdomain, username=user1579710498598}
23:34:56.914 [Test worker] DEBUG org.hibernate.internal.util.EntityPrinter - ru.stqa.pft.mantis.model.User{id=1, email=root@localhost, username=administrator}
23:34:56.914 [Test worker] DEBUG org.hibernate.internal.util.EntityPrinter - ru.stqa.pft.mantis.model.User{id=6, email=user1579799818961@localhost.localdomain, username=user1579799818961}
23:34:56.914 [Test worker] DEBUG org.hibernate.internal.util.EntityPrinter - ru.stqa.pft.mantis.model.User{id=5, email=user1579799699857@localhost.localdomain, username=user1579799699857}
23:34:56.914 [Test worker] DEBUG org.hibernate.internal.util.EntityPrinter - ru.stqa.pft.mantis.model.User{id=4, email=user1579798955538@localhost.localdomain, username=user1579798955538}
23:34:56.914 [Test worker] DEBUG org.hibernate.internal.util.EntityPrinter - More......
23:34:56.916 [Test worker] DEBUG org.hibernate.resource.jdbc.internal.LogicalConnectionManagedImpl - Initiating JDBC connection release from afterTransaction
23:34:56.917 [Test worker] DEBUG org.hibernate.resource.jdbc.internal.LogicalConnectionManagedImpl - Initiating JDBC connection release from afterTransaction
23:34:57.444 [org.subethamail.smtp.server.Session-/0:0:0:0:0:0:0:1:64375] DEBUG org.subethamail.smtp.server.Session - SMTP connection from 0:0:0:0:0:0:0:1/0:0:0:0:0:0:0:1, new connection count: 1
23:34:57.444 [org.subethamail.smtp.server.Session-/0:0:0:0:0:0:0:1:64375] DEBUG org.subethamail.smtp.server.Session - Server: 220 MININT-HMRG0BE ESMTP SubEthaSMTP 3.1.7
23:34:57.452 [org.subethamail.smtp.server.Session-/0:0:0:0:0:0:0:1:64375] DEBUG org.subethamail.smtp.server.Session - Client: EHLO localhost
23:34:57.452 [org.subethamail.smtp.server.Session-/0:0:0:0:0:0:0:1:64375] DEBUG org.subethamail.smtp.server.Session - Server: 250-MININT-HMRG0BE
250-8BITMIME
250 Ok
23:34:57.452 [org.subethamail.smtp.server.Session-/0:0:0:0:0:0:0:1:64375] DEBUG org.subethamail.smtp.server.Session - Client: MAIL FROM:<admin@example.com>
23:34:57.458 [org.subethamail.smtp.server.Session-/0:0:0:0:0:0:0:1:64375] DEBUG org.subethamail.smtp.server.Session - Server: 250 Ok
23:34:57.458 [org.subethamail.smtp.server.Session-/0:0:0:0:0:0:0:1:64375] DEBUG org.subethamail.smtp.server.Session - Client: RCPT TO:<user1579710498598@localhost.localdomain>
23:34:57.458 [org.subethamail.smtp.server.Session-/0:0:0:0:0:0:0:1:64375] DEBUG org.subethamail.wiser.Wiser - Accepting mail from admin@example.com to user1579710498598@localhost.localdomain
23:34:57.459 [org.subethamail.smtp.server.Session-/0:0:0:0:0:0:0:1:64375] DEBUG org.subethamail.smtp.server.Session - Server: 250 Ok
23:34:57.459 [org.subethamail.smtp.server.Session-/0:0:0:0:0:0:0:1:64375] DEBUG org.subethamail.smtp.server.Session - Client: DATA
23:34:57.459 [org.subethamail.smtp.server.Session-/0:0:0:0:0:0:0:1:64375] DEBUG org.subethamail.smtp.server.Session - Server: 354 End data with <CR><LF>.<CR><LF>
23:34:57.465 [org.subethamail.smtp.server.Session-/0:0:0:0:0:0:0:1:64375] DEBUG org.subethamail.wiser.Wiser - Delivering mail from admin@example.com to user1579710498598@localhost.localdomain
23:34:57.465 [org.subethamail.smtp.server.Session-/0:0:0:0:0:0:0:1:64375] DEBUG org.subethamail.wiser.Wiser - Creating message from data with 1198 bytes
23:34:57.466 [org.subethamail.smtp.server.Session-/0:0:0:0:0:0:0:1:64375] DEBUG org.subethamail.smtp.server.Session - Server: 250 Ok
23:34:57.466 [org.subethamail.smtp.server.Session-/0:0:0:0:0:0:0:1:64375] DEBUG org.subethamail.smtp.server.Session - Client: RSET
23:34:57.466 [org.subethamail.smtp.server.Session-/0:0:0:0:0:0:0:1:64375] DEBUG org.subethamail.smtp.server.Session - Server: 250 Ok
23:34:57.469 [org.subethamail.smtp.server.Session-/0:0:0:0:0:0:0:1:64375] DEBUG org.subethamail.smtp.server.Session - Client: QUIT
23:34:57.469 [org.subethamail.smtp.server.Session-/0:0:0:0:0:0:0:1:64375] DEBUG org.subethamail.smtp.server.Session - Server: 221 Bye
]]></system-out>
  <system-err><![CDATA[Starting ChromeDriver 78.0.3904.105 (60e2d8774a8151efa6a00b1f358371b1e0e07ee2-refs/branch-heads/3904@{#877}) on port 47913
Only local connections are allowed.
Please protect ports used by ChromeDriver and related test frameworks to prevent access by malicious code.
[1579883691.414][WARNING]: This version of ChromeDriver has not been tested with Chrome version 79.
янв 24, 2020 11:34:52 PM org.openqa.selenium.remote.ProtocolHandshake createSession
INFO: Detected dialect: W3C
Loading class `com.mysql.jdbc.Driver'. This is deprecated. The new driver class is `com.mysql.cj.jdbc.Driver'. The driver is automatically registered via the SPI and manual loading of the driver class is generally unnecessary.
]]></system-err>
</testsuite>
